<?xml version="1.0" encoding="UTF-8"?>
<coverage generated="1776555766580" clover="3.2.0">
  <project timestamp="1776555766580" name="All files">
    <metrics statements="456" coveredstatements="450" conditionals="143" coveredconditionals="131" methods="83" coveredmethods="79" elements="682" coveredelements="660" complexity="0" loc="456" ncloc="456" packages="3" files="17" classes="17"/>
    <package name="components">
      <metrics statements="104" coveredstatements="100" conditionals="60" coveredconditionals="54" methods="28" coveredmethods="25"/>
      <file name="ChatInput.tsx" path="/var/home/felix-powerhouse/Temp/kimi-harness-final-test/apps/web/src/components/ChatInput.tsx">
        <metrics statements="12" coveredstatements="12" conditionals="15" coveredconditionals="14" methods="3" coveredmethods="3"/>
        <line num="3" count="2" type="stmt"/>
        <line num="13" count="2" type="stmt"/>
        <line num="20" count="95" type="stmt"/>
        <line num="21" count="4" type="stmt"/>
        <line num="22" count="4" type="cond" truecount="2" falsecount="1"/>
        <line num="23" count="4" type="stmt"/>
        <line num="26" count="95" type="stmt"/>
        <line num="27" count="66" type="cond" truecount="3" falsecount="0"/>
        <line num="28" count="3" type="stmt"/>
        <line num="29" count="3" type="cond" truecount="3" falsecount="0"/>
        <line num="30" count="1" type="stmt"/>
        <line num="34" count="95" type="stmt"/>
      </file>
      <file name="ChatInterface.tsx" path="/var/home/felix-powerhouse/Temp/kimi-harness-final-test/apps/web/src/components/ChatInterface.tsx">
        <metrics statements="39" coveredstatements="38" conditionals="17" coveredconditionals="14" methods="7" coveredmethods="7"/>
        <line num="3" count="1" type="stmt"/>
        <line num="4" count="1" type="stmt"/>
        <line num="5" count="1" type="stmt"/>
        <line num="6" count="1" type="stmt"/>
        <line num="7" count="1" type="stmt"/>
        <line num="8" count="1" type="stmt"/>
        <line num="9" count="1" type="stmt"/>
        <line num="10" count="1" type="stmt"/>
        <line num="11" count="1" type="stmt"/>
        <line num="12" count="1" type="stmt"/>
        <line num="14" count="1" type="stmt"/>
        <line num="15" count="87" type="stmt"/>
        <line num="16" count="87" type="stmt"/>
        <line num="17" count="87" type="stmt"/>
        <line num="18" count="87" type="stmt"/>
        <line num="19" count="87" type="stmt"/>
        <line num="22" count="87" type="stmt"/>
        <line num="23" count="5" type="cond" truecount="2" falsecount="1"/>
        <line num="24" count="0" type="stmt"/>
        <line num="28" count="87" type="stmt"/>
        <line num="32" count="87" type="stmt"/>
        <line num="33" count="10" type="cond" truecount="1" falsecount="0"/>
        <line num="34" count="4" type="stmt"/>
        <line num="38" count="87" type="stmt"/>
        <line num="39" count="3" type="stmt"/>
        <line num="40" count="3" type="cond" truecount="0" falsecount="1"/>
        <line num="42" count="3" type="stmt"/>
        <line num="44" count="3" type="cond" truecount="1" falsecount="0"/>
        <line num="45" count="2" type="stmt"/>
        <line num="46" count="2" type="stmt"/>
        <line num="48" count="2" type="cond" truecount="1" falsecount="0"/>
        <line num="49" count="2" type="stmt"/>
        <line num="50" count="2" type="stmt"/>
        <line num="54" count="3" type="stmt"/>
        <line num="61" count="87" type="stmt"/>
        <line num="63" count="87" type="stmt"/>
        <line num="78" count="1" type="stmt"/>
        <line num="79" count="1" type="stmt"/>
        <line num="80" count="1" type="stmt"/>
      </file>
      <file name="ErrorBoundary.tsx" path="/var/home/felix-powerhouse/Temp/kimi-harness-final-test/apps/web/src/components/ErrorBoundary.tsx">
        <metrics statements="12" coveredstatements="10" conditionals="3" coveredconditionals="3" methods="6" coveredmethods="4"/>
        <line num="3" count="1" type="stmt"/>
        <line num="15" count="1" type="stmt"/>
        <line num="17" count="6" type="stmt"/>
        <line num="18" count="5" type="stmt"/>
        <line num="22" count="4" type="stmt"/>
        <line num="27" count="2" type="stmt"/>
        <line num="30" count="5" type="stmt"/>
        <line num="31" count="0" type="stmt"/>
        <line num="35" count="9" type="cond" truecount="1" falsecount="0"/>
        <line num="36" count="4" type="stmt"/>
        <line num="53" count="0" type="stmt"/>
        <line num="65" count="5" type="stmt"/>
      </file>
      <file name="FileUploader.tsx" path="/var/home/felix-powerhouse/Temp/kimi-harness-final-test/apps/web/src/components/FileUploader.tsx">
        <metrics statements="28" coveredstatements="28" conditionals="15" coveredconditionals="14" methods="7" coveredmethods="7"/>
        <line num="3" count="2" type="stmt"/>
        <line num="12" count="2" type="stmt"/>
        <line num="13" count="99" type="stmt"/>
        <line num="14" count="99" type="stmt"/>
        <line num="16" count="99" type="stmt"/>
        <line num="17" count="2" type="stmt"/>
        <line num="18" count="2" type="stmt"/>
        <line num="19" count="2" type="stmt"/>
        <line num="22" count="99" type="stmt"/>
        <line num="23" count="1" type="stmt"/>
        <line num="24" count="1" type="stmt"/>
        <line num="25" count="1" type="stmt"/>
        <line num="28" count="99" type="stmt"/>
        <line num="30" count="1" type="stmt"/>
        <line num="31" count="1" type="stmt"/>
        <line num="32" count="1" type="stmt"/>
        <line num="34" count="1" type="stmt"/>
        <line num="35" count="1" type="cond" truecount="1" falsecount="0"/>
        <line num="36" count="1" type="stmt"/>
        <line num="42" count="99" type="stmt"/>
        <line num="44" count="5" type="stmt"/>
        <line num="45" count="5" type="cond" truecount="3" falsecount="0"/>
        <line num="46" count="5" type="stmt"/>
        <line num="52" count="99" type="stmt"/>
        <line num="64" count="11" type="stmt"/>
        <line num="66" count="1" type="cond" truecount="2" falsecount="1"/>
        <line num="67" count="1" type="stmt"/>
        <line num="68" count="1" type="stmt"/>
      </file>
      <file name="MessageList.tsx" path="/var/home/felix-powerhouse/Temp/kimi-harness-final-test/apps/web/src/components/MessageList.tsx">
        <metrics statements="7" coveredstatements="7" conditionals="7" coveredconditionals="7" methods="2" coveredmethods="2"/>
        <line num="3" count="2" type="stmt"/>
        <line num="4" count="2" type="stmt"/>
        <line num="11" count="2" type="stmt"/>
        <line num="12" count="12" type="cond" truecount="1" falsecount="0"/>
        <line num="13" count="7" type="stmt"/>
        <line num="20" count="5" type="stmt"/>
        <line num="23" count="7" type="stmt"/>
      </file>
      <file name="ModelSelector.tsx" path="/var/home/felix-powerhouse/Temp/kimi-harness-final-test/apps/web/src/components/ModelSelector.tsx">
        <metrics statements="6" coveredstatements="5" conditionals="3" coveredconditionals="2" methods="3" coveredmethods="2"/>
        <line num="3" count="1" type="stmt"/>
        <line num="12" count="1" type="stmt"/>
        <line num="13" count="87" type="cond" truecount="2" falsecount="1"/>
        <line num="15" count="87" type="stmt"/>
        <line num="23" count="0" type="stmt"/>
        <line num="28" count="174" type="stmt"/>
      </file>
    </package>
    <package name="hooks">
      <metrics statements="145" coveredstatements="145" conditionals="23" coveredconditionals="22" methods="24" coveredmethods="24"/>
      <file name="useChat.ts" path="/var/home/felix-powerhouse/Temp/kimi-harness-final-test/apps/web/src/hooks/useChat.ts">
        <metrics statements="14" coveredstatements="14" conditionals="4" coveredconditionals="4" methods="5" coveredmethods="5"/>
        <line num="3" count="2" type="stmt"/>
        <line num="5" count="2" type="stmt"/>
        <line num="13" count="2" type="cond" truecount="1" falsecount="0"/>
        <line num="14" count="95" type="stmt"/>
        <line num="15" count="13" type="stmt"/>
        <line num="20" count="95" type="stmt"/>
        <line num="29" count="95" type="stmt"/>
        <line num="31" count="4" type="stmt"/>
        <line num="36" count="95" type="stmt"/>
        <line num="47" count="2" type="stmt"/>
        <line num="48" count="16" type="stmt"/>
        <line num="49" count="16" type="cond" truecount="3" falsecount="0"/>
        <line num="51" count="7" type="stmt"/>
        <line num="52" count="6" type="stmt"/>
      </file>
      <file name="useChunkIndex.ts" path="/var/home/felix-powerhouse/Temp/kimi-harness-final-test/apps/web/src/hooks/useChunkIndex.ts">
        <metrics statements="24" coveredstatements="24" conditionals="1" coveredconditionals="1" methods="4" coveredmethods="4"/>
        <line num="3" count="2" type="stmt"/>
        <line num="5" count="2" type="stmt"/>
        <line num="6" count="2" type="stmt"/>
        <line num="16" count="2" type="stmt"/>
        <line num="17" count="95" type="stmt"/>
        <line num="18" count="95" type="stmt"/>
        <line num="19" count="95" type="stmt"/>
        <line num="21" count="95" type="stmt"/>
        <line num="22" count="7" type="stmt"/>
        <line num="23" count="7" type="stmt"/>
        <line num="24" count="7" type="stmt"/>
        <line num="25" count="7" type="stmt"/>
        <line num="26" count="7" type="stmt"/>
        <line num="27" count="7" type="stmt"/>
        <line num="28" count="7" type="stmt"/>
        <line num="30" count="7" type="stmt"/>
        <line num="34" count="95" type="stmt"/>
        <line num="35" count="4" type="cond" truecount="1" falsecount="0"/>
        <line num="36" count="3" type="stmt"/>
        <line num="39" count="95" type="stmt"/>
        <line num="40" count="2" type="stmt"/>
        <line num="41" count="2" type="stmt"/>
        <line num="42" count="2" type="stmt"/>
        <line num="45" count="95" type="stmt"/>
      </file>
      <file name="useEmbeddings.ts" path="/var/home/felix-powerhouse/Temp/kimi-harness-final-test/apps/web/src/hooks/useEmbeddings.ts">
        <metrics statements="46" coveredstatements="46" conditionals="7" coveredconditionals="7" methods="7" coveredmethods="7"/>
        <line num="3" count="2" type="stmt"/>
        <line num="5" count="2" type="stmt"/>
        <line num="18" count="2" type="stmt"/>
        <line num="19" count="113" type="stmt"/>
        <line num="20" count="113" type="stmt"/>
        <line num="21" count="113" type="stmt"/>
        <line num="23" count="113" type="stmt"/>
        <line num="24" count="15" type="cond" truecount="1" falsecount="0"/>
        <line num="25" count="15" type="stmt"/>
        <line num="27" count="9" type="stmt"/>
        <line num="30" count="113" type="stmt"/>
        <line num="32" count="4" type="stmt"/>
        <line num="33" count="4" type="stmt"/>
        <line num="34" count="4" type="stmt"/>
        <line num="35" count="4" type="stmt"/>
        <line num="36" count="2" type="stmt"/>
        <line num="37" count="1" type="stmt"/>
        <line num="39" count="3" type="cond" truecount="2" falsecount="0"/>
        <line num="40" count="3" type="stmt"/>
        <line num="41" count="3" type="stmt"/>
        <line num="43" count="4" type="stmt"/>
        <line num="49" count="113" type="stmt"/>
        <line num="51" count="4" type="stmt"/>
        <line num="52" count="4" type="stmt"/>
        <line num="53" count="4" type="stmt"/>
        <line num="54" count="4" type="stmt"/>
        <line num="55" count="2" type="stmt"/>
        <line num="56" count="1" type="stmt"/>
        <line num="58" count="3" type="cond" truecount="2" falsecount="0"/>
        <line num="59" count="3" type="stmt"/>
        <line num="60" count="3" type="stmt"/>
        <line num="62" count="4" type="stmt"/>
        <line num="68" count="113" type="stmt"/>
        <line num="70" count="7" type="stmt"/>
        <line num="71" count="7" type="stmt"/>
        <line num="72" count="7" type="stmt"/>
        <line num="73" count="7" type="stmt"/>
        <line num="74" count="5" type="stmt"/>
        <line num="76" count="4" type="stmt"/>
        <line num="81" count="4" type="stmt"/>
        <line num="82" count="4" type="stmt"/>
        <line num="84" count="3" type="cond" truecount="2" falsecount="0"/>
        <line num="85" count="3" type="stmt"/>
        <line num="86" count="3" type="stmt"/>
        <line num="88" count="7" type="stmt"/>
        <line num="94" count="113" type="stmt"/>
      </file>
      <file name="useFileUpload.ts" path="/var/home/felix-powerhouse/Temp/kimi-harness-final-test/apps/web/src/hooks/useFileUpload.ts">
        <metrics statements="39" coveredstatements="39" conditionals="5" coveredconditionals="5" methods="4" coveredmethods="4"/>
        <line num="3" count="2" type="stmt"/>
        <line num="5" count="2" type="stmt"/>
        <line num="6" count="2" type="stmt"/>
        <line num="8" count="2" type="stmt"/>
        <line num="19" count="2" type="stmt"/>
        <line num="20" count="101" type="stmt"/>
        <line num="21" count="101" type="stmt"/>
        <line num="22" count="101" type="stmt"/>
        <line num="23" count="101" type="stmt"/>
        <line num="25" count="101" type="stmt"/>
        <line num="26" count="10" type="cond" truecount="1" falsecount="0"/>
        <line num="27" count="1" type="stmt"/>
        <line num="30" count="9" type="stmt"/>
        <line num="31" count="9" type="cond" truecount="1" falsecount="0"/>
        <line num="32" count="1" type="stmt"/>
        <line num="35" count="8" type="stmt"/>
        <line num="38" count="101" type="stmt"/>
        <line num="40" count="10" type="stmt"/>
        <line num="41" count="10" type="stmt"/>
        <line num="43" count="10" type="stmt"/>
        <line num="44" count="10" type="cond" truecount="1" falsecount="0"/>
        <line num="45" count="2" type="stmt"/>
        <line num="46" count="2" type="stmt"/>
        <line num="47" count="2" type="stmt"/>
        <line num="50" count="8" type="stmt"/>
        <line num="51" count="8" type="stmt"/>
        <line num="53" count="8" type="stmt"/>
        <line num="54" count="8" type="stmt"/>
        <line num="55" count="6" type="stmt"/>
        <line num="57" count="2" type="cond" truecount="2" falsecount="0"/>
        <line num="58" count="2" type="stmt"/>
        <line num="59" count="2" type="stmt"/>
        <line num="61" count="8" type="stmt"/>
        <line num="67" count="101" type="stmt"/>
        <line num="68" count="2" type="stmt"/>
        <line num="69" count="2" type="stmt"/>
        <line num="70" count="2" type="stmt"/>
        <line num="71" count="2" type="stmt"/>
        <line num="74" count="101" type="stmt"/>
      </file>
      <file name="useModels.ts" path="/var/home/felix-powerhouse/Temp/kimi-harness-final-test/apps/web/src/hooks/useModels.ts">
        <metrics statements="22" coveredstatements="22" conditionals="6" coveredconditionals="5" methods="4" coveredmethods="4"/>
        <line num="3" count="1" type="stmt"/>
        <line num="10" count="1" type="stmt"/>
        <line num="11" count="9" type="stmt"/>
        <line num="12" count="9" type="stmt"/>
        <line num="13" count="9" type="stmt"/>
        <line num="14" count="9" type="stmt"/>
        <line num="16" count="9" type="stmt"/>
        <line num="17" count="5" type="stmt"/>
        <line num="20" count="5" type="stmt"/>
        <line num="21" count="5" type="stmt"/>
        <line num="22" count="3" type="cond" truecount="1" falsecount="0"/>
        <line num="23" count="2" type="stmt"/>
        <line num="24" count="2" type="cond" truecount="1" falsecount="0"/>
        <line num="25" count="1" type="stmt"/>
        <line num="26" count="1" type="stmt"/>
        <line num="29" count="3" type="cond" truecount="1" falsecount="0"/>
        <line num="30" count="3" type="cond" truecount="1" falsecount="1"/>
        <line num="33" count="5" type="cond" truecount="1" falsecount="0"/>
        <line num="37" count="5" type="stmt"/>
        <line num="38" count="5" type="stmt"/>
        <line num="39" count="5" type="stmt"/>
        <line num="43" count="9" type="stmt"/>
      </file>
    </package>
    <package name="lib">
      <metrics statements="207" coveredstatements="205" conditionals="60" coveredconditionals="55" methods="31" coveredmethods="30"/>
      <file name="chunking.ts" path="/var/home/felix-powerhouse/Temp/kimi-harness-final-test/apps/web/src/lib/chunking.ts">
        <metrics statements="92" coveredstatements="91" conditionals="23" coveredconditionals="22" methods="6" coveredmethods="6"/>
        <line num="1" count="4" type="stmt"/>
        <line num="9" count="4" type="stmt"/>
        <line num="10" count="4" type="stmt"/>
        <line num="11" count="4" type="stmt"/>
        <line num="13" count="4" type="stmt"/>
        <line num="14" count="27" type="cond" truecount="2" falsecount="0"/>
        <line num="15" count="27" type="cond" truecount="2" falsecount="0"/>
        <line num="16" count="27" type="stmt"/>
        <line num="17" count="27" type="stmt"/>
        <line num="19" count="27" type="stmt"/>
        <line num="20" count="27" type="stmt"/>
        <line num="22" count="27" type="stmt"/>
        <line num="23" count="27" type="stmt"/>
        <line num="25" count="27" type="stmt"/>
        <line num="26" count="56" type="stmt"/>
        <line num="28" count="56" type="cond" truecount="2" falsecount="0"/>
        <line num="29" count="47" type="cond" truecount="1" falsecount="0"/>
        <line num="30" count="20" type="stmt"/>
        <line num="32" count="47" type="cond" truecount="2" falsecount="0"/>
        <line num="34" count="9" type="cond" truecount="1" falsecount="0"/>
        <line num="35" count="3" type="stmt"/>
        <line num="36" count="3" type="stmt"/>
        <line num="39" count="9" type="cond" truecount="2" falsecount="0"/>
        <line num="40" count="7" type="stmt"/>
        <line num="41" count="7" type="stmt"/>
        <line num="42" count="7" type="stmt"/>
        <line num="43" count="7" type="stmt"/>
        <line num="44" count="3696" type="stmt"/>
        <line num="45" count="3696" type="stmt"/>
        <line num="46" count="3696" type="stmt"/>
        <line num="48" count="7" type="stmt"/>
        <line num="50" count="2" type="stmt"/>
        <line num="51" count="2" type="stmt"/>
        <line num="56" count="27" type="cond" truecount="1" falsecount="0"/>
        <line num="57" count="19" type="stmt"/>
        <line num="60" count="27" type="stmt"/>
        <line num="64" count="27" type="stmt"/>
        <line num="65" count="27" type="stmt"/>
        <line num="66" count="27" type="stmt"/>
        <line num="69" count="27" type="stmt"/>
        <line num="70" count="30" type="stmt"/>
        <line num="71" count="30" type="cond" truecount="1" falsecount="0"/>
        <line num="72" count="30" type="stmt"/>
        <line num="74" count="30" type="stmt"/>
        <line num="77" count="27" type="stmt"/>
        <line num="78" count="27" type="cond" truecount="1" falsecount="0"/>
        <line num="79" count="26" type="stmt"/>
        <line num="82" count="27" type="stmt"/>
        <line num="86" count="7" type="stmt"/>
        <line num="87" count="7" type="stmt"/>
        <line num="88" count="7" type="stmt"/>
        <line num="90" count="7" type="stmt"/>
        <line num="91" count="3696" type="stmt"/>
        <line num="92" count="3696" type="cond" truecount="1" falsecount="0"/>
        <line num="93" count="7" type="stmt"/>
        <line num="94" count="7" type="stmt"/>
        <line num="97" count="3689" type="stmt"/>
        <line num="98" count="3689" type="cond" truecount="3" falsecount="0"/>
        <line num="99" count="3689" type="stmt"/>
        <line num="102" count="3689" type="stmt"/>
        <line num="104" count="3689" type="stmt"/>
        <line num="107" count="7" type="stmt"/>
        <line num="111" count="3689" type="stmt"/>
        <line num="112" count="3689" type="stmt"/>
        <line num="113" count="3689" type="stmt"/>
        <line num="114" count="3689" type="stmt"/>
        <line num="116" count="3689" type="stmt"/>
        <line num="117" count="3689" type="stmt"/>
        <line num="119" count="3689" type="stmt"/>
        <line num="120" count="26" type="stmt"/>
        <line num="123" count="3689" type="stmt"/>
        <line num="124" count="3689" type="stmt"/>
        <line num="125" count="3689" type="stmt"/>
        <line num="126" count="26" type="stmt"/>
        <line num="127" count="26" type="cond" truecount="1" falsecount="0"/>
        <line num="128" count="26" type="stmt"/>
        <line num="129" count="26" type="stmt"/>
        <line num="133" count="3689" type="stmt"/>
        <line num="137" count="3718" type="stmt"/>
        <line num="138" count="3718" type="stmt"/>
        <line num="139" count="3718" type="stmt"/>
        <line num="148" count="27" type="cond" truecount="1" falsecount="0"/>
        <line num="150" count="9" type="stmt"/>
        <line num="151" count="9" type="stmt"/>
        <line num="153" count="9" type="stmt"/>
        <line num="154" count="3692" type="stmt"/>
        <line num="155" count="3692" type="cond" truecount="1" falsecount="1"/>
        <line num="156" count="0" type="stmt"/>
        <line num="163" count="3692" type="stmt"/>
        <line num="164" count="3692" type="stmt"/>
        <line num="167" count="9" type="stmt"/>
        <line num="169" count="9" type="stmt"/>
      </file>
      <file name="embeddings.ts" path="/var/home/felix-powerhouse/Temp/kimi-harness-final-test/apps/web/src/lib/embeddings.ts">
        <metrics statements="42" coveredstatements="41" conditionals="5" coveredconditionals="4" methods="8" coveredmethods="8"/>
        <line num="17" count="3" type="stmt"/>
        <line num="18" count="3" type="stmt"/>
        <line num="20" count="3" type="stmt"/>
        <line num="21" count="3" type="stmt"/>
        <line num="22" count="3" type="stmt"/>
        <line num="25" count="8" type="cond" truecount="1" falsecount="0"/>
        <line num="26" count="2" type="stmt"/>
        <line num="28" count="6" type="cond" truecount="1" falsecount="0"/>
        <line num="29" count="2" type="stmt"/>
        <line num="30" count="2" type="stmt"/>
        <line num="31" count="2" type="stmt"/>
        <line num="32" count="2" type="stmt"/>
        <line num="33" count="2" type="stmt"/>
        <line num="36" count="6" type="stmt"/>
        <line num="40" count="4" type="stmt"/>
        <line num="41" count="2" type="stmt"/>
        <line num="47" count="3" type="cond" truecount="1" falsecount="0"/>
        <line num="48" count="1" type="stmt"/>
        <line num="50" count="2" type="stmt"/>
        <line num="51" count="1" type="stmt"/>
        <line num="52" count="1" type="stmt"/>
        <line num="56" count="4" type="cond" truecount="0" falsecount="1"/>
        <line num="57" count="0" type="stmt"/>
        <line num="59" count="4" type="stmt"/>
        <line num="60" count="4" type="stmt"/>
        <line num="62" count="4" type="stmt"/>
        <line num="63" count="6" type="stmt"/>
        <line num="64" count="6" type="stmt"/>
        <line num="65" count="6" type="stmt"/>
        <line num="68" count="4" type="stmt"/>
        <line num="72" count="6" type="stmt"/>
        <line num="76" count="3" type="stmt"/>
        <line num="77" count="8" type="cond" truecount="1" falsecount="0"/>
        <line num="78" count="1" type="stmt"/>
        <line num="80" count="7" type="stmt"/>
        <line num="81" count="7" type="stmt"/>
        <line num="82" count="7" type="stmt"/>
        <line num="83" count="7" type="stmt"/>
        <line num="84" count="19" type="stmt"/>
        <line num="85" count="19" type="stmt"/>
        <line num="86" count="19" type="stmt"/>
        <line num="88" count="7" type="stmt"/>
      </file>
      <file name="fetch-with-retry.ts" path="/var/home/felix-powerhouse/Temp/kimi-harness-final-test/apps/web/src/lib/fetch-with-retry.ts">
        <metrics statements="22" coveredstatements="22" conditionals="15" coveredconditionals="14" methods="5" coveredmethods="5"/>
        <line num="7" count="3" type="stmt"/>
        <line num="14" count="7" type="stmt"/>
        <line num="18" count="11" type="cond" truecount="3" falsecount="0"/>
        <line num="19" count="1" type="stmt"/>
        <line num="21" count="10" type="stmt"/>
        <line num="24" count="3" type="stmt"/>
        <line num="27" count="10" type="stmt"/>
        <line num="29" count="10" type="stmt"/>
        <line num="32" count="12" type="stmt"/>
        <line num="33" count="19" type="stmt"/>
        <line num="34" count="19" type="stmt"/>
        <line num="36" count="10" type="cond" truecount="1" falsecount="0"/>
        <line num="42" count="2" type="stmt"/>
        <line num="44" count="8" type="stmt"/>
        <line num="46" count="11" type="cond" truecount="1" falsecount="0"/>
        <line num="47" count="1" type="stmt"/>
        <line num="49" count="10" type="cond" truecount="2" falsecount="0"/>
        <line num="50" count="10" type="cond" truecount="1" falsecount="0"/>
        <line num="51" count="3" type="stmt"/>
        <line num="53" count="7" type="stmt"/>
        <line num="54" count="7" type="stmt"/>
        <line num="58" count="3" type="cond" truecount="1" falsecount="1"/>
      </file>
      <file name="llm-client.ts" path="/var/home/felix-powerhouse/Temp/kimi-harness-final-test/apps/web/src/lib/llm-client.ts">
        <metrics statements="8" coveredstatements="8" conditionals="6" coveredconditionals="6" methods="2" coveredmethods="2"/>
        <line num="1" count="1" type="stmt"/>
        <line num="3" count="1" type="stmt"/>
        <line num="5" count="1" type="stmt"/>
        <line num="7" count="1" type="stmt"/>
        <line num="8" count="4" type="stmt"/>
        <line num="14" count="4" type="stmt"/>
        <line num="17" count="1" type="stmt"/>
        <line num="18" count="1" type="stmt"/>
      </file>
      <file name="minisearch-index.ts" path="/var/home/felix-powerhouse/Temp/kimi-harness-final-test/apps/web/src/lib/minisearch-index.ts">
        <metrics statements="15" coveredstatements="15" conditionals="5" coveredconditionals="3" methods="7" coveredmethods="7"/>
        <line num="1" count="4" type="stmt"/>
        <line num="9" count="4" type="stmt"/>
        <line num="11" count="19" type="stmt"/>
        <line num="14" count="19" type="stmt"/>
        <line num="22" count="39" type="stmt"/>
        <line num="27" count="19" type="stmt"/>
        <line num="29" count="19" type="stmt"/>
        <line num="30" count="39" type="stmt"/>
        <line num="35" count="10" type="cond" truecount="1" falsecount="0"/>
        <line num="36" count="2" type="stmt"/>
        <line num="39" count="8" type="stmt"/>
        <line num="41" count="8" type="stmt"/>
        <line num="49" count="4" type="stmt"/>
        <line num="53" count="3" type="stmt"/>
        <line num="58" count="3" type="stmt"/>
      </file>
      <file name="parser-client.ts" path="/var/home/felix-powerhouse/Temp/kimi-harness-final-test/apps/web/src/lib/parser-client.ts">
        <metrics statements="28" coveredstatements="28" conditionals="6" coveredconditionals="6" methods="3" coveredmethods="2"/>
        <line num="1" count="2" type="stmt"/>
        <line num="3" count="2" type="stmt"/>
        <line num="4" count="2" type="stmt"/>
        <line num="6" count="2" type="stmt"/>
        <line num="7" count="2" type="stmt"/>
        <line num="9" count="2" type="stmt"/>
        <line num="12" count="9" type="stmt"/>
        <line num="15" count="2" type="stmt"/>
        <line num="16" count="9" type="stmt"/>
        <line num="17" count="9" type="stmt"/>
        <line num="19" count="9" type="stmt"/>
        <line num="20" count="9" type="stmt"/>
        <line num="21" count="9" type="stmt"/>
        <line num="23" count="9" type="stmt"/>
        <line num="24" count="9" type="stmt"/>
        <line num="33" count="8" type="cond" truecount="1" falsecount="0"/>
        <line num="34" count="3" type="cond" truecount="1" falsecount="0"/>
        <line num="35" count="1" type="stmt"/>
        <line num="37" count="2" type="cond" truecount="1" falsecount="0"/>
        <line num="38" count="1" type="stmt"/>
        <line num="40" count="1" type="stmt"/>
        <line num="41" count="1" type="stmt"/>
        <line num="44" count="5" type="stmt"/>
        <line num="45" count="5" type="stmt"/>
        <line num="47" count="4" type="cond" truecount="3" falsecount="0"/>
        <line num="48" count="1" type="stmt"/>
        <line num="50" count="3" type="stmt"/>
        <line num="52" count="9" type="stmt"/>
      </file>
    </package>
  </project>
</coverage>
