{"/var/home/felix-powerhouse/Temp/kimi-harness-final-test/apps/web/src/components/ChatInput.tsx": {"path":"/var/home/felix-powerhouse/Temp/kimi-harness-final-test/apps/web/src/components/ChatInput.tsx","statementMap":{"0":{"start":{"line":13,"column":0},"end":{"line":13,"column":16}},"1":{"start":{"line":3,"column":0},"end":{"line":3,"column":26}},"2":{"start":{"line":20,"column":19},"end":{"line":24,"column":3}},"3":{"start":{"line":21,"column":4},"end":{"line":21,"column":23}},"4":{"start":{"line":22,"column":4},"end":{"line":22,"column":43}},"5":{"start":{"line":22,"column":36},"end":{"line":22,"column":43}},"6":{"start":{"line":23,"column":4},"end":{"line":23,"column":20}},"7":{"start":{"line":26,"column":20},"end":{"line":32,"column":3}},"8":{"start":{"line":27,"column":4},"end":{"line":31,"column":5}},"9":{"start":{"line":28,"column":6},"end":{"line":28,"column":25}},"10":{"start":{"line":29,"column":6},"end":{"line":29,"column":45}},"11":{"start":{"line":29,"column":38},"end":{"line":29,"column":45}},"12":{"start":{"line":30,"column":6},"end":{"line":30,"column":69}},"13":{"start":{"line":34,"column":2},"end":{"line":60,"column":4}}},"fnMap":{"0":{"name":"ChatInput","decl":{"start":{"line":13,"column":16},"end":{"line":13,"column":25}},"loc":{"start":{"line":19,"column":17},"end":{"line":61,"column":1}}},"1":{"name":"(anonymous_2)","decl":{"start":{"line":20,"column":19},"end":{"line":20,"column":20}},"loc":{"start":{"line":20,"column":59},"end":{"line":24,"column":3}}},"2":{"name":"(anonymous_3)","decl":{"start":{"line":26,"column":20},"end":{"line":26,"column":21}},"loc":{"start":{"line":26,"column":65},"end":{"line":32,"column":3}}}},"branchMap":{"0":{"loc":{"start":{"line":22,"column":4},"end":{"line":22,"column":43}},"type":"if","locations":[{"start":{"line":22,"column":4},"end":{"line":22,"column":43}}]},"1":{"loc":{"start":{"line":22,"column":8},"end":{"line":22,"column":34}},"type":"binary-expr","locations":[{"start":{"line":22,"column":8},"end":{"line":22,"column":21}},{"start":{"line":22,"column":25},"end":{"line":22,"column":34}}]},"2":{"loc":{"start":{"line":27,"column":4},"end":{"line":31,"column":5}},"type":"if","locations":[{"start":{"line":27,"column":4},"end":{"line":31,"column":5}}]},"3":{"loc":{"start":{"line":27,"column":8},"end":{"line":27,"column":40}},"type":"binary-expr","locations":[{"start":{"line":27,"column":8},"end":{"line":27,"column":25}},{"start":{"line":27,"column":29},"end":{"line":27,"column":40}}]},"4":{"loc":{"start":{"line":29,"column":6},"end":{"line":29,"column":45}},"type":"if","locations":[{"start":{"line":29,"column":6},"end":{"line":29,"column":45}}]},"5":{"loc":{"start":{"line":29,"column":10},"end":{"line":29,"column":36}},"type":"binary-expr","locations":[{"start":{"line":29,"column":10},"end":{"line":29,"column":23}},{"start":{"line":29,"column":27},"end":{"line":29,"column":36}}]},"6":{"loc":{"start":{"line":36,"column":7},"end":{"line":37,"column":null}},"type":"binary-expr","locations":[{"start":{"line":36,"column":7},"end":{"line":36,"column":21}},{"start":{"line":37,"column":8},"end":{"line":37,"column":91}}]},"7":{"loc":{"start":{"line":46,"column":23},"end":{"line":46,"column":73}},"type":"cond-expr","locations":[{"start":{"line":46,"column":35},"end":{"line":46,"column":48}},{"start":{"line":46,"column":51},"end":{"line":46,"column":73}}]},"8":{"loc":{"start":{"line":52,"column":20},"end":{"line":52,"column":46}},"type":"binary-expr","locations":[{"start":{"line":52,"column":20},"end":{"line":52,"column":29}},{"start":{"line":52,"column":33},"end":{"line":52,"column":46}}]}},"s":{"0":2,"1":2,"2":95,"3":4,"4":4,"5":0,"6":4,"7":95,"8":66,"9":3,"10":3,"11":2,"12":1,"13":95},"f":{"0":95,"1":4,"2":66},"b":{"0":[0],"1":[4,4],"2":[3],"3":[66,3],"4":[2],"5":[3,2],"6":[95,52],"7":[7,88],"8":[95,88]}}
,"/var/home/felix-powerhouse/Temp/kimi-harness-final-test/apps/web/src/components/ChatInterface.tsx": {"path":"/var/home/felix-powerhouse/Temp/kimi-harness-final-test/apps/web/src/components/ChatInterface.tsx","statementMap":{"0":{"start":{"line":14,"column":0},"end":{"line":14,"column":16}},"1":{"start":{"line":3,"column":0},"end":{"line":3,"column":51}},"2":{"start":{"line":4,"column":0},"end":{"line":4,"column":62}},"3":{"start":{"line":5,"column":0},"end":{"line":5,"column":54}},"4":{"start":{"line":6,"column":0},"end":{"line":6,"column":54}},"5":{"start":{"line":7,"column":0},"end":{"line":7,"column":54}},"6":{"start":{"line":8,"column":0},"end":{"line":8,"column":46}},"7":{"start":{"line":9,"column":0},"end":{"line":9,"column":44}},"8":{"start":{"line":10,"column":0},"end":{"line":10,"column":40}},"9":{"start":{"line":11,"column":0},"end":{"line":11,"column":46}},"10":{"start":{"line":12,"column":0},"end":{"line":12,"column":48}},"11":{"start":{"line":15,"column":76},"end":{"line":15,"column":91}},"12":{"start":{"line":16,"column":56},"end":{"line":16,"column":71}},"13":{"start":{"line":17,"column":56},"end":{"line":17,"column":71}},"14":{"start":{"line":18,"column":35},"end":{"line":18,"column":46}},"15":{"start":{"line":19,"column":44},"end":{"line":19,"column":74}},"16":{"start":{"line":22,"column":2},"end":{"line":26,"column":36}},"17":{"start":{"line":23,"column":4},"end":{"line":25,"column":5}},"18":{"start":{"line":24,"column":6},"end":{"line":24,"column":37}},"19":{"start":{"line":28,"column":105},"end":{"line":30,"column":4}},"20":{"start":{"line":32,"column":2},"end":{"line":36,"column":30}},"21":{"start":{"line":33,"column":4},"end":{"line":35,"column":5}},"22":{"start":{"line":34,"column":6},"end":{"line":34,"column":37}},"23":{"start":{"line":38,"column":36},"end":{"line":59,"column":3}},"24":{"start":{"line":39,"column":4},"end":{"line":39,"column":24}},"25":{"start":{"line":40,"column":4},"end":{"line":40,"column":30}},"26":{"start":{"line":40,"column":23},"end":{"line":40,"column":30}},"27":{"start":{"line":42,"column":30},"end":{"line":42,"column":32}},"28":{"start":{"line":44,"column":4},"end":{"line":52,"column":5}},"29":{"start":{"line":45,"column":28},"end":{"line":45,"column":41}},"30":{"start":{"line":46,"column":24},"end":{"line":46,"column":56}},"31":{"start":{"line":46,"column":49},"end":{"line":46,"column":55}},"32":{"start":{"line":48,"column":6},"end":{"line":51,"column":7}},"33":{"start":{"line":49,"column":23},"end":{"line":49,"column":63}},"34":{"start":{"line":50,"column":8},"end":{"line":50,"column":58}},"35":{"start":{"line":50,"column":50},"end":{"line":50,"column":56}},"36":{"start":{"line":54,"column":4},"end":{"line":58,"column":7}},"37":{"start":{"line":61,"column":25},"end":{"line":61,"column":42}},"38":{"start":{"line":63,"column":2},"end":{"line":116,"column":4}},"39":{"start":{"line":78,"column":14},"end":{"line":78,"column":26}},"40":{"start":{"line":79,"column":14},"end":{"line":79,"column":27}},"41":{"start":{"line":80,"column":14},"end":{"line":80,"column":30}}},"fnMap":{"0":{"name":"ChatInterface","decl":{"start":{"line":14,"column":16},"end":{"line":14,"column":29}},"loc":{"start":{"line":14,"column":29},"end":{"line":117,"column":1}}},"1":{"name":"(anonymous_10)","decl":{"start":{"line":22,"column":12},"end":{"line":22,"column":15}},"loc":{"start":{"line":22,"column":17},"end":{"line":26,"column":3}}},"2":{"name":"(anonymous_11)","decl":{"start":{"line":32,"column":12},"end":{"line":32,"column":15}},"loc":{"start":{"line":32,"column":17},"end":{"line":36,"column":3}}},"3":{"name":"(anonymous_12)","decl":{"start":{"line":38,"column":36},"end":{"line":38,"column":41}},"loc":{"start":{"line":38,"column":83},"end":{"line":59,"column":3}}},"4":{"name":"(anonymous_13)","decl":{"start":{"line":46,"column":42},"end":{"line":46,"column":43}},"loc":{"start":{"line":46,"column":49},"end":{"line":46,"column":55}}},"5":{"name":"(anonymous_14)","decl":{"start":{"line":50,"column":43},"end":{"line":50,"column":44}},"loc":{"start":{"line":50,"column":50},"end":{"line":50,"column":56}}},"6":{"name":"(anonymous_15)","decl":{"start":{"line":77,"column":21},"end":{"line":77,"column":24}},"loc":{"start":{"line":77,"column":26},"end":{"line":81,"column":13}}}},"branchMap":{"0":{"loc":{"start":{"line":23,"column":4},"end":{"line":25,"column":5}},"type":"if","locations":[{"start":{"line":23,"column":4},"end":{"line":25,"column":5}}]},"1":{"loc":{"start":{"line":23,"column":8},"end":{"line":23,"column":38}},"type":"binary-expr","locations":[{"start":{"line":23,"column":8},"end":{"line":23,"column":20}},{"start":{"line":23,"column":24},"end":{"line":23,"column":38}}]},"2":{"loc":{"start":{"line":33,"column":4},"end":{"line":35,"column":5}},"type":"if","locations":[{"start":{"line":33,"column":4},"end":{"line":35,"column":5}}]},"3":{"loc":{"start":{"line":40,"column":4},"end":{"line":40,"column":30}},"type":"if","locations":[{"start":{"line":40,"column":4},"end":{"line":40,"column":30}}]},"4":{"loc":{"start":{"line":44,"column":4},"end":{"line":52,"column":5}},"type":"if","locations":[{"start":{"line":44,"column":4},"end":{"line":52,"column":5}}]},"5":{"loc":{"start":{"line":48,"column":6},"end":{"line":51,"column":7}},"type":"if","locations":[{"start":{"line":48,"column":6},"end":{"line":51,"column":7}}]},"6":{"loc":{"start":{"line":75,"column":9},"end":{"line":85,"column":null}},"type":"binary-expr","locations":[{"start":{"line":75,"column":9},"end":{"line":75,"column":23}},{"start":{"line":76,"column":10},"end":{"line":82,"column":null}}]},"7":{"loc":{"start":{"line":93,"column":18},"end":{"line":93,"column":42}},"type":"binary-expr","locations":[{"start":{"line":93,"column":18},"end":{"line":93,"column":34}},{"start":{"line":93,"column":38},"end":{"line":93,"column":42}}]},"8":{"loc":{"start":{"line":96,"column":7},"end":{"line":97,"column":null}},"type":"binary-expr","locations":[{"start":{"line":96,"column":7},"end":{"line":96,"column":19}},{"start":{"line":97,"column":8},"end":{"line":97,"column":97}}]},"9":{"loc":{"start":{"line":100,"column":7},"end":{"line":103,"column":null}},"type":"binary-expr","locations":[{"start":{"line":100,"column":7},"end":{"line":100,"column":16}},{"start":{"line":101,"column":8},"end":{"line":102,"column":null}}]},"10":{"loc":{"start":{"line":112,"column":19},"end":{"line":112,"column":44}},"type":"binary-expr","locations":[{"start":{"line":112,"column":19},"end":{"line":112,"column":28}},{"start":{"line":112,"column":32},"end":{"line":112,"column":44}}]}},"s":{"0":1,"1":1,"2":1,"3":1,"4":1,"5":1,"6":1,"7":1,"8":1,"9":1,"10":1,"11":87,"12":87,"13":87,"14":87,"15":87,"16":87,"17":5,"18":0,"19":87,"20":87,"21":10,"22":4,"23":87,"24":3,"25":3,"26":0,"27":3,"28":3,"29":2,"30":2,"31":2,"32":2,"33":2,"34":2,"35":2,"36":3,"37":87,"38":87,"39":1,"40":1,"41":1},"f":{"0":87,"1":5,"2":10,"3":3,"4":2,"5":2,"6":1},"b":{"0":[0],"1":[5,5],"2":[4],"3":[0],"4":[2],"5":[2],"6":[87,51],"7":[87,32],"8":[87,2],"9":[87,0],"10":[87,84]}}
,"/var/home/felix-powerhouse/Temp/kimi-harness-final-test/apps/web/src/components/ErrorBoundary.tsx": {"path":"/var/home/felix-powerhouse/Temp/kimi-harness-final-test/apps/web/src/components/ErrorBoundary.tsx","statementMap":{"0":{"start":{"line":3,"column":0},"end":{"line":3,"column":26}},"1":{"start":{"line":17,"column":4},"end":{"line":17,"column":17}},"2":{"start":{"line":18,"column":4},"end":{"line":18,"column":37}},"3":{"start":{"line":22,"column":4},"end":{"line":22,"column":37}},"4":{"start":{"line":27,"column":4},"end":{"line":27,"column":70}},"5":{"start":{"line":30,"column":24},"end":{"line":32,"column":3}},"6":{"start":{"line":31,"column":4},"end":{"line":31,"column":57}},"7":{"start":{"line":35,"column":4},"end":{"line":63,"column":5}},"8":{"start":{"line":36,"column":6},"end":{"line":62,"column":8}},"9":{"start":{"line":53,"column":33},"end":{"line":53,"column":57}},"10":{"start":{"line":65,"column":4},"end":{"line":65,"column":31}},"11":{"start":{"line":15,"column":0},"end":{"line":15,"column":13}}},"fnMap":{"0":{"name":"(anonymous_1)","decl":{"start":{"line":16,"column":2},"end":{"line":16,"column":14}},"loc":{"start":{"line":16,"column":26},"end":{"line":19,"column":3}}},"1":{"name":"(anonymous_2)","decl":{"start":{"line":21,"column":2},"end":{"line":21,"column":8}},"loc":{"start":{"line":21,"column":46},"end":{"line":23,"column":3}}},"2":{"name":"(anonymous_3)","decl":{"start":{"line":25,"column":2},"end":{"line":25,"column":19}},"loc":{"start":{"line":25,"column":60},"end":{"line":28,"column":3}}},"3":{"name":"(anonymous_4)","decl":{"start":{"line":30,"column":24},"end":{"line":30,"column":27}},"loc":{"start":{"line":30,"column":29},"end":{"line":32,"column":3}}},"4":{"name":"(anonymous_5)","decl":{"start":{"line":34,"column":2},"end":{"line":34,"column":8}},"loc":{"start":{"line":34,"column":8},"end":{"line":66,"column":3}}},"5":{"name":"(anonymous_6)","decl":{"start":{"line":53,"column":27},"end":{"line":53,"column":30}},"loc":{"start":{"line":53,"column":33},"end":{"line":53,"column":57}}}},"branchMap":{"0":{"loc":{"start":{"line":35,"column":4},"end":{"line":63,"column":5}},"type":"if","locations":[{"start":{"line":35,"column":4},"end":{"line":63,"column":5}}]},"1":{"loc":{"start":{"line":37,"column":8},"end":{"line":60,"column":null}},"type":"binary-expr","locations":[{"start":{"line":37,"column":8},"end":{"line":37,"column":27}},{"start":{"line":38,"column":10},"end":{"line":59,"column":null}}]}},"s":{"0":1,"1":6,"2":5,"3":4,"4":2,"5":5,"6":0,"7":9,"8":4,"9":0,"10":5,"11":1},"f":{"0":6,"1":4,"2":2,"3":0,"4":9,"5":0},"b":{"0":[4],"1":[4,2]}}
,"/var/home/felix-powerhouse/Temp/kimi-harness-final-test/apps/web/src/components/FileUploader.tsx": {"path":"/var/home/felix-powerhouse/Temp/kimi-harness-final-test/apps/web/src/components/FileUploader.tsx","statementMap":{"0":{"start":{"line":12,"column":0},"end":{"line":12,"column":16}},"1":{"start":{"line":3,"column":0},"end":{"line":3,"column":61}},"2":{"start":{"line":13,"column":19},"end":{"line":13,"column":49}},"3":{"start":{"line":14,"column":38},"end":{"line":14,"column":53}},"4":{"start":{"line":16,"column":25},"end":{"line":20,"column":8}},"5":{"start":{"line":17,"column":4},"end":{"line":17,"column":23}},"6":{"start":{"line":18,"column":4},"end":{"line":18,"column":24}},"7":{"start":{"line":19,"column":4},"end":{"line":19,"column":24}},"8":{"start":{"line":22,"column":26},"end":{"line":26,"column":8}},"9":{"start":{"line":23,"column":4},"end":{"line":23,"column":23}},"10":{"start":{"line":24,"column":4},"end":{"line":24,"column":24}},"11":{"start":{"line":25,"column":4},"end":{"line":25,"column":25}},"12":{"start":{"line":28,"column":21},"end":{"line":39,"column":null}},"13":{"start":{"line":30,"column":6},"end":{"line":30,"column":25}},"14":{"start":{"line":31,"column":6},"end":{"line":31,"column":26}},"15":{"start":{"line":32,"column":6},"end":{"line":32,"column":27}},"16":{"start":{"line":34,"column":20},"end":{"line":34,"column":40}},"17":{"start":{"line":35,"column":6},"end":{"line":37,"column":7}},"18":{"start":{"line":36,"column":8},"end":{"line":36,"column":31}},"19":{"start":{"line":42,"column":23},"end":{"line":49,"column":null}},"20":{"start":{"line":44,"column":20},"end":{"line":44,"column":34}},"21":{"start":{"line":45,"column":6},"end":{"line":47,"column":7}},"22":{"start":{"line":46,"column":8},"end":{"line":46,"column":31}},"23":{"start":{"line":52,"column":2},"end":{"line":104,"column":4}},"24":{"start":{"line":64,"column":23},"end":{"line":64,"column":48}},"25":{"start":{"line":66,"column":10},"end":{"line":69,"column":11}},"26":{"start":{"line":67,"column":12},"end":{"line":67,"column":31}},"27":{"start":{"line":68,"column":12},"end":{"line":68,"column":38}}},"fnMap":{"0":{"name":"FileUploader","decl":{"start":{"line":12,"column":16},"end":{"line":12,"column":28}},"loc":{"start":{"line":12,"column":94},"end":{"line":105,"column":1}}},"1":{"name":"(anonymous_10)","decl":{"start":{"line":16,"column":37},"end":{"line":16,"column":38}},"loc":{"start":{"line":16,"column":76},"end":{"line":20,"column":3}}},"2":{"name":"(anonymous_11)","decl":{"start":{"line":22,"column":38},"end":{"line":22,"column":39}},"loc":{"start":{"line":22,"column":77},"end":{"line":26,"column":3}}},"3":{"name":"(anonymous_12)","decl":{"start":{"line":29,"column":4},"end":{"line":29,"column":5}},"loc":{"start":{"line":29,"column":43},"end":{"line":38,"column":5}}},"4":{"name":"(anonymous_13)","decl":{"start":{"line":43,"column":4},"end":{"line":43,"column":5}},"loc":{"start":{"line":43,"column":47},"end":{"line":48,"column":5}}},"5":{"name":"(anonymous_14)","decl":{"start":{"line":64,"column":17},"end":{"line":64,"column":20}},"loc":{"start":{"line":64,"column":23},"end":{"line":64,"column":48}}},"6":{"name":"(anonymous_15)","decl":{"start":{"line":65,"column":19},"end":{"line":65,"column":20}},"loc":{"start":{"line":65,"column":25},"end":{"line":70,"column":9}}}},"branchMap":{"0":{"loc":{"start":{"line":35,"column":6},"end":{"line":37,"column":7}},"type":"if","locations":[{"start":{"line":35,"column":6},"end":{"line":37,"column":7}}]},"1":{"loc":{"start":{"line":45,"column":6},"end":{"line":47,"column":7}},"type":"if","locations":[{"start":{"line":45,"column":6},"end":{"line":47,"column":7}}]},"2":{"loc":{"start":{"line":45,"column":10},"end":{"line":45,"column":35}},"type":"binary-expr","locations":[{"start":{"line":45,"column":10},"end":{"line":45,"column":15}},{"start":{"line":45,"column":19},"end":{"line":45,"column":35}}]},"3":{"loc":{"start":{"line":59,"column":10},"end":{"line":59,"column":null}},"type":"cond-expr","locations":[{"start":{"line":59,"column":23},"end":{"line":59,"column":51}},{"start":{"line":59,"column":54},"end":{"line":59,"column":null}}]},"4":{"loc":{"start":{"line":66,"column":10},"end":{"line":69,"column":11}},"type":"if","locations":[{"start":{"line":66,"column":10},"end":{"line":69,"column":11}}]},"5":{"loc":{"start":{"line":66,"column":14},"end":{"line":66,"column":48}},"type":"binary-expr","locations":[{"start":{"line":66,"column":14},"end":{"line":66,"column":31}},{"start":{"line":66,"column":35},"end":{"line":66,"column":48}}]},"6":{"loc":{"start":{"line":80,"column":9},"end":{"line":95,"column":null}},"type":"cond-expr","locations":[{"start":{"line":81,"column":10},"end":{"line":81,"column":79}},{"start":{"line":82,"column":12},"end":{"line":95,"column":null}}]},"7":{"loc":{"start":{"line":82,"column":12},"end":{"line":95,"column":null}},"type":"cond-expr","locations":[{"start":{"line":83,"column":10},"end":{"line":85,"column":null}},{"start":{"line":88,"column":10},"end":{"line":94,"column":null}}]},"8":{"loc":{"start":{"line":98,"column":7},"end":{"line":101,"column":null}},"type":"binary-expr","locations":[{"start":{"line":98,"column":7},"end":{"line":98,"column":12}},{"start":{"line":99,"column":8},"end":{"line":100,"column":null}}]}},"s":{"0":2,"1":2,"2":99,"3":99,"4":99,"5":2,"6":2,"7":2,"8":99,"9":1,"10":1,"11":1,"12":99,"13":1,"14":1,"15":1,"16":1,"17":1,"18":1,"19":99,"20":5,"21":5,"22":5,"23":99,"24":11,"25":1,"26":1,"27":1},"f":{"0":99,"1":2,"2":1,"3":1,"4":5,"5":11,"6":1},"b":{"0":[1],"1":[5],"2":[5,5],"3":[2,97],"4":[1],"5":[1,0],"6":[5,94],"7":[56,38],"8":[99,1]}}
,"/var/home/felix-powerhouse/Temp/kimi-harness-final-test/apps/web/src/components/MessageList.tsx": {"path":"/var/home/felix-powerhouse/Temp/kimi-harness-final-test/apps/web/src/components/MessageList.tsx","statementMap":{"0":{"start":{"line":3,"column":0},"end":{"line":3,"column":26}},"1":{"start":{"line":4,"column":0},"end":{"line":4,"column":43}},"2":{"start":{"line":11,"column":13},"end":{"line":44,"column":3}},"3":{"start":{"line":12,"column":2},"end":{"line":18,"column":3}},"4":{"start":{"line":13,"column":4},"end":{"line":17,"column":6}},"5":{"start":{"line":20,"column":2},"end":{"line":43,"column":4}},"6":{"start":{"line":23,"column":8},"end":{"line":24,"column":null}}},"fnMap":{"0":{"name":"MessageList","decl":{"start":{"line":11,"column":47},"end":{"line":11,"column":58}},"loc":{"start":{"line":11,"column":89},"end":{"line":44,"column":1}}},"1":{"name":"(anonymous_2)","decl":{"start":{"line":22,"column":20},"end":{"line":22,"column":21}},"loc":{"start":{"line":23,"column":8},"end":{"line":24,"column":null}}}},"branchMap":{"0":{"loc":{"start":{"line":12,"column":2},"end":{"line":18,"column":3}},"type":"if","locations":[{"start":{"line":12,"column":2},"end":{"line":18,"column":3}}]},"1":{"loc":{"start":{"line":25,"column":29},"end":{"line":25,"column":86}},"type":"cond-expr","locations":[{"start":{"line":25,"column":55},"end":{"line":25,"column":68}},{"start":{"line":25,"column":71},"end":{"line":25,"column":86}}]},"2":{"loc":{"start":{"line":29,"column":14},"end":{"line":29,"column":null}},"type":"cond-expr","locations":[{"start":{"line":29,"column":40},"end":{"line":29,"column":64}},{"start":{"line":29,"column":67},"end":{"line":29,"column":null}}]},"3":{"loc":{"start":{"line":32,"column":13},"end":{"line":37,"column":null}},"type":"cond-expr","locations":[{"start":{"line":33,"column":14},"end":{"line":33,"column":70}},{"start":{"line":35,"column":14},"end":{"line":36,"column":null}}]}},"s":{"0":2,"1":2,"2":2,"3":12,"4":7,"5":5,"6":7},"f":{"0":12,"1":7},"b":{"0":[7],"1":[5,2],"2":[5,2],"3":[5,2]}}
,"/var/home/felix-powerhouse/Temp/kimi-harness-final-test/apps/web/src/components/ModelSelector.tsx": {"path":"/var/home/felix-powerhouse/Temp/kimi-harness-final-test/apps/web/src/components/ModelSelector.tsx","statementMap":{"0":{"start":{"line":12,"column":0},"end":{"line":12,"column":16}},"1":{"start":{"line":3,"column":0},"end":{"line":3,"column":26}},"2":{"start":{"line":13,"column":2},"end":{"line":13,"column":50}},"3":{"start":{"line":13,"column":38},"end":{"line":13,"column":50}},"4":{"start":{"line":15,"column":2},"end":{"line":34,"column":4}},"5":{"start":{"line":23,"column":25},"end":{"line":23,"column":49}},"6":{"start":{"line":28,"column":10},"end":{"line":28,"column":30}}},"fnMap":{"0":{"name":"ModelSelector","decl":{"start":{"line":12,"column":16},"end":{"line":12,"column":29}},"loc":{"start":{"line":12,"column":90},"end":{"line":35,"column":1}}},"1":{"name":"(anonymous_2)","decl":{"start":{"line":23,"column":18},"end":{"line":23,"column":19}},"loc":{"start":{"line":23,"column":25},"end":{"line":23,"column":49}}},"2":{"name":"(anonymous_3)","decl":{"start":{"line":27,"column":20},"end":{"line":27,"column":21}},"loc":{"start":{"line":28,"column":10},"end":{"line":28,"column":30}}}},"branchMap":{"0":{"loc":{"start":{"line":13,"column":2},"end":{"line":13,"column":50}},"type":"if","locations":[{"start":{"line":13,"column":2},"end":{"line":13,"column":50}}]},"1":{"loc":{"start":{"line":13,"column":6},"end":{"line":13,"column":36}},"type":"binary-expr","locations":[{"start":{"line":13,"column":6},"end":{"line":13,"column":13}},{"start":{"line":13,"column":17},"end":{"line":13,"column":36}}]}},"s":{"0":1,"1":1,"2":87,"3":0,"4":87,"5":0,"6":174},"f":{"0":87,"1":0,"2":174},"b":{"0":[0],"1":[87,87]}}
,"/var/home/felix-powerhouse/Temp/kimi-harness-final-test/apps/web/src/hooks/useChat.ts": {"path":"/var/home/felix-powerhouse/Temp/kimi-harness-final-test/apps/web/src/hooks/useChat.ts","statementMap":{"0":{"start":{"line":13,"column":0},"end":{"line":13,"column":16}},"1":{"start":{"line":47,"column":0},"end":{"line":47,"column":16}},"2":{"start":{"line":3,"column":0},"end":{"line":3,"column":52}},"3":{"start":{"line":5,"column":0},"end":{"line":5,"column":45}},"4":{"start":{"line":14,"column":24},"end":{"line":16,"column":null}},"5":{"start":{"line":15,"column":10},"end":{"line":15,"column":51}},"6":{"start":{"line":20,"column":4},"end":{"line":27,"column":6}},"7":{"start":{"line":29,"column":28},"end":{"line":33,"column":null}},"8":{"start":{"line":31,"column":6},"end":{"line":31,"column":31}},"9":{"start":{"line":36,"column":2},"end":{"line":44,"column":4}},"10":{"start":{"line":48,"column":15},"end":{"line":48,"column":98}},"11":{"start":{"line":49,"column":2},"end":{"line":49,"column":50}},"12":{"start":{"line":49,"column":38},"end":{"line":49,"column":50}},"13":{"start":{"line":51,"column":18},"end":{"line":51,"column":70}},"14":{"start":{"line":51,"column":39},"end":{"line":51,"column":56}},"15":{"start":{"line":52,"column":2},"end":{"line":52,"column":73}}},"fnMap":{"0":{"name":"useChat","decl":{"start":{"line":13,"column":16},"end":{"line":13,"column":23}},"loc":{"start":{"line":13,"column":52},"end":{"line":45,"column":1}}},"1":{"name":"(anonymous_1)","decl":{"start":{"line":15,"column":4},"end":{"line":15,"column":7}},"loc":{"start":{"line":15,"column":10},"end":{"line":15,"column":51}}},"2":{"name":"(anonymous_2)","decl":{"start":{"line":30,"column":4},"end":{"line":30,"column":5}},"loc":{"start":{"line":30,"column":75},"end":{"line":32,"column":5}}},"3":{"name":"buildSystemMessage","decl":{"start":{"line":47,"column":16},"end":{"line":47,"column":34}},"loc":{"start":{"line":47,"column":52},"end":{"line":53,"column":1}}},"4":{"name":"(anonymous_4)","decl":{"start":{"line":51,"column":29},"end":{"line":51,"column":30}},"loc":{"start":{"line":51,"column":39},"end":{"line":51,"column":56}}}},"branchMap":{"0":{"loc":{"start":{"line":13,"column":24},"end":{"line":13,"column":52}},"type":"default-arg","locations":[{"start":{"line":13,"column":50},"end":{"line":13,"column":52}}]},"1":{"loc":{"start":{"line":49,"column":2},"end":{"line":49,"column":50}},"type":"if","locations":[{"start":{"line":49,"column":2},"end":{"line":49,"column":50}}]},"2":{"loc":{"start":{"line":49,"column":6},"end":{"line":49,"column":36}},"type":"binary-expr","locations":[{"start":{"line":49,"column":6},"end":{"line":49,"column":13}},{"start":{"line":49,"column":17},"end":{"line":49,"column":36}}]}},"s":{"0":2,"1":2,"2":2,"3":2,"4":95,"5":13,"6":95,"7":95,"8":4,"9":95,"10":16,"11":16,"12":10,"13":6,"14":7,"15":6},"f":{"0":95,"1":13,"2":4,"3":16,"4":7},"b":{"0":[3],"1":[10],"2":[16,7]}}
,"/var/home/felix-powerhouse/Temp/kimi-harness-final-test/apps/web/src/hooks/useChunkIndex.ts": {"path":"/var/home/felix-powerhouse/Temp/kimi-harness-final-test/apps/web/src/hooks/useChunkIndex.ts","statementMap":{"0":{"start":{"line":16,"column":0},"end":{"line":16,"column":16}},"1":{"start":{"line":3,"column":0},"end":{"line":3,"column":54}},"2":{"start":{"line":5,"column":0},"end":{"line":5,"column":43}},"3":{"start":{"line":6,"column":0},"end":{"line":6,"column":52}},"4":{"start":{"line":17,"column":30},"end":{"line":17,"column":51}},"5":{"start":{"line":18,"column":38},"end":{"line":18,"column":53}},"6":{"start":{"line":19,"column":19},"end":{"line":19,"column":50}},"7":{"start":{"line":21,"column":24},"end":{"line":32,"column":8}},"8":{"start":{"line":22,"column":4},"end":{"line":22,"column":24}},"9":{"start":{"line":23,"column":4},"end":{"line":31,"column":5}},"10":{"start":{"line":24,"column":24},"end":{"line":24,"column":43}},"11":{"start":{"line":25,"column":20},"end":{"line":25,"column":36}},"12":{"start":{"line":26,"column":6},"end":{"line":26,"column":33}},"13":{"start":{"line":27,"column":6},"end":{"line":27,"column":31}},"14":{"start":{"line":28,"column":6},"end":{"line":28,"column":27}},"15":{"start":{"line":30,"column":6},"end":{"line":30,"column":27}},"16":{"start":{"line":34,"column":17},"end":{"line":37,"column":8}},"17":{"start":{"line":35,"column":4},"end":{"line":35,"column":37}},"18":{"start":{"line":35,"column":27},"end":{"line":35,"column":37}},"19":{"start":{"line":36,"column":4},"end":{"line":36,"column":45}},"20":{"start":{"line":39,"column":21},"end":{"line":43,"column":8}},"21":{"start":{"line":40,"column":4},"end":{"line":40,"column":30}},"22":{"start":{"line":41,"column":4},"end":{"line":41,"column":28}},"23":{"start":{"line":42,"column":4},"end":{"line":42,"column":18}},"24":{"start":{"line":45,"column":2},"end":{"line":51,"column":4}}},"fnMap":{"0":{"name":"useChunkIndex","decl":{"start":{"line":16,"column":16},"end":{"line":16,"column":29}},"loc":{"start":{"line":16,"column":29},"end":{"line":52,"column":1}}},"1":{"name":"(anonymous_1)","decl":{"start":{"line":21,"column":36},"end":{"line":21,"column":37}},"loc":{"start":{"line":21,"column":57},"end":{"line":32,"column":3}}},"2":{"name":"(anonymous_2)","decl":{"start":{"line":34,"column":29},"end":{"line":34,"column":30}},"loc":{"start":{"line":34,"column":63},"end":{"line":37,"column":3}}},"3":{"name":"(anonymous_3)","decl":{"start":{"line":39,"column":33},"end":{"line":39,"column":36}},"loc":{"start":{"line":39,"column":38},"end":{"line":43,"column":3}}}},"branchMap":{"0":{"loc":{"start":{"line":35,"column":4},"end":{"line":35,"column":37}},"type":"if","locations":[{"start":{"line":35,"column":4},"end":{"line":35,"column":37}}]}},"s":{"0":2,"1":2,"2":2,"3":2,"4":95,"5":95,"6":95,"7":95,"8":7,"9":7,"10":7,"11":7,"12":7,"13":7,"14":7,"15":7,"16":95,"17":4,"18":1,"19":3,"20":95,"21":2,"22":2,"23":2,"24":95},"f":{"0":95,"1":7,"2":4,"3":2},"b":{"0":[1]}}
,"/var/home/felix-powerhouse/Temp/kimi-harness-final-test/apps/web/src/hooks/useEmbeddings.ts": {"path":"/var/home/felix-powerhouse/Temp/kimi-harness-final-test/apps/web/src/hooks/useEmbeddings.ts","statementMap":{"0":{"start":{"line":18,"column":0},"end":{"line":18,"column":16}},"1":{"start":{"line":3,"column":0},"end":{"line":3,"column":54}},"2":{"start":{"line":5,"column":0},"end":{"line":5,"column":71}},"3":{"start":{"line":19,"column":36},"end":{"line":19,"column":51}},"4":{"start":{"line":20,"column":28},"end":{"line":20,"column":57}},"5":{"start":{"line":21,"column":22},"end":{"line":21,"column":60}},"6":{"start":{"line":23,"column":22},"end":{"line":28,"column":8}},"7":{"start":{"line":24,"column":4},"end":{"line":26,"column":5}},"8":{"start":{"line":25,"column":6},"end":{"line":25,"column":66}},"9":{"start":{"line":27,"column":4},"end":{"line":27,"column":31}},"10":{"start":{"line":30,"column":16},"end":{"line":46,"column":null}},"11":{"start":{"line":32,"column":6},"end":{"line":32,"column":21}},"12":{"start":{"line":33,"column":6},"end":{"line":33,"column":25}},"13":{"start":{"line":34,"column":6},"end":{"line":44,"column":7}},"14":{"start":{"line":35,"column":25},"end":{"line":35,"column":44}},"15":{"start":{"line":36,"column":23},"end":{"line":36,"column":49}},"16":{"start":{"line":37,"column":8},"end":{"line":37,"column":22}},"17":{"start":{"line":39,"column":24},"end":{"line":39,"column":79}},"18":{"start":{"line":40,"column":8},"end":{"line":40,"column":26}},"19":{"start":{"line":41,"column":8},"end":{"line":41,"column":20}},"20":{"start":{"line":43,"column":8},"end":{"line":43,"column":28}},"21":{"start":{"line":49,"column":21},"end":{"line":65,"column":null}},"22":{"start":{"line":51,"column":6},"end":{"line":51,"column":21}},"23":{"start":{"line":52,"column":6},"end":{"line":52,"column":25}},"24":{"start":{"line":53,"column":6},"end":{"line":63,"column":7}},"25":{"start":{"line":54,"column":25},"end":{"line":54,"column":44}},"26":{"start":{"line":55,"column":24},"end":{"line":55,"column":56}},"27":{"start":{"line":56,"column":8},"end":{"line":56,"column":23}},"28":{"start":{"line":58,"column":24},"end":{"line":58,"column":85}},"29":{"start":{"line":59,"column":8},"end":{"line":59,"column":26}},"30":{"start":{"line":60,"column":8},"end":{"line":60,"column":20}},"31":{"start":{"line":62,"column":8},"end":{"line":62,"column":28}},"32":{"start":{"line":68,"column":27},"end":{"line":91,"column":null}},"33":{"start":{"line":70,"column":6},"end":{"line":70,"column":21}},"34":{"start":{"line":71,"column":6},"end":{"line":71,"column":25}},"35":{"start":{"line":72,"column":6},"end":{"line":89,"column":7}},"36":{"start":{"line":73,"column":25},"end":{"line":73,"column":44}},"37":{"start":{"line":74,"column":47},"end":{"line":74,"column":91}},"38":{"start":{"line":76,"column":25},"end":{"line":79,"column":11}},"39":{"start":{"line":76,"column":49},"end":{"line":79,"column":10}},"40":{"start":{"line":81,"column":8},"end":{"line":81,"column":61}},"41":{"start":{"line":81,"column":32},"end":{"line":81,"column":59}},"42":{"start":{"line":82,"column":8},"end":{"line":82,"column":24}},"43":{"start":{"line":84,"column":24},"end":{"line":84,"column":88}},"44":{"start":{"line":85,"column":8},"end":{"line":85,"column":26}},"45":{"start":{"line":86,"column":8},"end":{"line":86,"column":18}},"46":{"start":{"line":88,"column":8},"end":{"line":88,"column":28}},"47":{"start":{"line":94,"column":2},"end":{"line":100,"column":4}}},"fnMap":{"0":{"name":"useEmbeddings","decl":{"start":{"line":18,"column":16},"end":{"line":18,"column":29}},"loc":{"start":{"line":18,"column":29},"end":{"line":101,"column":1}}},"1":{"name":"(anonymous_1)","decl":{"start":{"line":23,"column":34},"end":{"line":23,"column":39}},"loc":{"start":{"line":23,"column":73},"end":{"line":28,"column":3}}},"2":{"name":"(anonymous_2)","decl":{"start":{"line":31,"column":4},"end":{"line":31,"column":9}},"loc":{"start":{"line":31,"column":60},"end":{"line":45,"column":5}}},"3":{"name":"(anonymous_3)","decl":{"start":{"line":50,"column":4},"end":{"line":50,"column":9}},"loc":{"start":{"line":50,"column":65},"end":{"line":64,"column":5}}},"4":{"name":"(anonymous_4)","decl":{"start":{"line":69,"column":4},"end":{"line":69,"column":9}},"loc":{"start":{"line":69,"column":94},"end":{"line":90,"column":5}}},"5":{"name":"(anonymous_5)","decl":{"start":{"line":76,"column":35},"end":{"line":76,"column":36}},"loc":{"start":{"line":76,"column":49},"end":{"line":79,"column":10}}},"6":{"name":"(anonymous_6)","decl":{"start":{"line":81,"column":22},"end":{"line":81,"column":23}},"loc":{"start":{"line":81,"column":32},"end":{"line":81,"column":59}}}},"branchMap":{"0":{"loc":{"start":{"line":24,"column":4},"end":{"line":26,"column":5}},"type":"if","locations":[{"start":{"line":24,"column":4},"end":{"line":26,"column":5}}]},"1":{"loc":{"start":{"line":39,"column":24},"end":{"line":39,"column":79}},"type":"cond-expr","locations":[{"start":{"line":39,"column":47},"end":{"line":39,"column":58}},{"start":{"line":39,"column":61},"end":{"line":39,"column":79}}]},"2":{"loc":{"start":{"line":58,"column":24},"end":{"line":58,"column":85}},"type":"cond-expr","locations":[{"start":{"line":58,"column":47},"end":{"line":58,"column":58}},{"start":{"line":58,"column":61},"end":{"line":58,"column":85}}]},"3":{"loc":{"start":{"line":84,"column":24},"end":{"line":84,"column":88}},"type":"cond-expr","locations":[{"start":{"line":84,"column":47},"end":{"line":84,"column":58}},{"start":{"line":84,"column":61},"end":{"line":84,"column":88}}]}},"s":{"0":2,"1":2,"2":2,"3":113,"4":113,"5":113,"6":113,"7":15,"8":15,"9":9,"10":113,"11":4,"12":4,"13":4,"14":4,"15":2,"16":1,"17":3,"18":3,"19":3,"20":4,"21":113,"22":4,"23":4,"24":4,"25":4,"26":2,"27":1,"28":3,"29":3,"30":3,"31":4,"32":113,"33":7,"34":7,"35":7,"36":7,"37":5,"38":4,"39":4,"40":4,"41":1,"42":4,"43":3,"44":3,"45":3,"46":7,"47":113},"f":{"0":113,"1":15,"2":4,"3":4,"4":7,"5":4,"6":1},"b":{"0":[15],"1":[2,1],"2":[2,1],"3":[2,1]}}
,"/var/home/felix-powerhouse/Temp/kimi-harness-final-test/apps/web/src/hooks/useFileUpload.ts": {"path":"/var/home/felix-powerhouse/Temp/kimi-harness-final-test/apps/web/src/hooks/useFileUpload.ts","statementMap":{"0":{"start":{"line":19,"column":0},"end":{"line":19,"column":16}},"1":{"start":{"line":3,"column":0},"end":{"line":3,"column":46}},"2":{"start":{"line":5,"column":0},"end":{"line":5,"column":71}},"3":{"start":{"line":6,"column":0},"end":{"line":6,"column":94}},"4":{"start":{"line":8,"column":24},"end":{"line":8,"column":59}},"5":{"start":{"line":20,"column":26},"end":{"line":20,"column":53}},"6":{"start":{"line":21,"column":40},"end":{"line":21,"column":55}},"7":{"start":{"line":22,"column":28},"end":{"line":22,"column":57}},"8":{"start":{"line":23,"column":30},"end":{"line":23,"column":64}},"9":{"start":{"line":25,"column":23},"end":{"line":36,"column":8}},"10":{"start":{"line":26,"column":4},"end":{"line":28,"column":5}},"11":{"start":{"line":27,"column":6},"end":{"line":27,"column":53}},"12":{"start":{"line":30,"column":16},"end":{"line":30,"column":63}},"13":{"start":{"line":31,"column":4},"end":{"line":33,"column":5}},"14":{"start":{"line":32,"column":6},"end":{"line":32,"column":106}},"15":{"start":{"line":35,"column":4},"end":{"line":35,"column":16}},"16":{"start":{"line":38,"column":27},"end":{"line":64,"column":null}},"17":{"start":{"line":40,"column":6},"end":{"line":40,"column":21}},"18":{"start":{"line":41,"column":6},"end":{"line":41,"column":22}},"19":{"start":{"line":43,"column":30},"end":{"line":43,"column":56}},"20":{"start":{"line":44,"column":6},"end":{"line":48,"column":7}},"21":{"start":{"line":45,"column":8},"end":{"line":45,"column":34}},"22":{"start":{"line":46,"column":8},"end":{"line":46,"column":22}},"23":{"start":{"line":47,"column":8},"end":{"line":47,"column":15}},"24":{"start":{"line":50,"column":6},"end":{"line":50,"column":28}},"25":{"start":{"line":51,"column":6},"end":{"line":51,"column":27}},"26":{"start":{"line":53,"column":6},"end":{"line":62,"column":7}},"27":{"start":{"line":54,"column":28},"end":{"line":54,"column":66}},"28":{"start":{"line":55,"column":8},"end":{"line":55,"column":31}},"29":{"start":{"line":57,"column":24},"end":{"line":57,"column":76}},"30":{"start":{"line":58,"column":8},"end":{"line":58,"column":26}},"31":{"start":{"line":59,"column":8},"end":{"line":59,"column":22}},"32":{"start":{"line":61,"column":8},"end":{"line":61,"column":30}},"33":{"start":{"line":67,"column":20},"end":{"line":72,"column":8}},"34":{"start":{"line":68,"column":4},"end":{"line":68,"column":18}},"35":{"start":{"line":69,"column":4},"end":{"line":69,"column":19}},"36":{"start":{"line":70,"column":4},"end":{"line":70,"column":20}},"37":{"start":{"line":71,"column":4},"end":{"line":71,"column":26}},"38":{"start":{"line":74,"column":2},"end":{"line":81,"column":4}}},"fnMap":{"0":{"name":"useFileUpload","decl":{"start":{"line":19,"column":16},"end":{"line":19,"column":29}},"loc":{"start":{"line":19,"column":29},"end":{"line":82,"column":1}}},"1":{"name":"(anonymous_1)","decl":{"start":{"line":25,"column":35},"end":{"line":25,"column":36}},"loc":{"start":{"line":25,"column":65},"end":{"line":36,"column":3}}},"2":{"name":"(anonymous_2)","decl":{"start":{"line":39,"column":4},"end":{"line":39,"column":9}},"loc":{"start":{"line":39,"column":33},"end":{"line":63,"column":5}}},"3":{"name":"(anonymous_3)","decl":{"start":{"line":67,"column":32},"end":{"line":67,"column":35}},"loc":{"start":{"line":67,"column":37},"end":{"line":72,"column":3}}}},"branchMap":{"0":{"loc":{"start":{"line":26,"column":4},"end":{"line":28,"column":5}},"type":"if","locations":[{"start":{"line":26,"column":4},"end":{"line":28,"column":5}}]},"1":{"loc":{"start":{"line":31,"column":4},"end":{"line":33,"column":5}},"type":"if","locations":[{"start":{"line":31,"column":4},"end":{"line":33,"column":5}}]},"2":{"loc":{"start":{"line":44,"column":6},"end":{"line":48,"column":7}},"type":"if","locations":[{"start":{"line":44,"column":6},"end":{"line":48,"column":7}}]},"3":{"loc":{"start":{"line":57,"column":24},"end":{"line":57,"column":76}},"type":"cond-expr","locations":[{"start":{"line":57,"column":47},"end":{"line":57,"column":58}},{"start":{"line":57,"column":61},"end":{"line":57,"column":76}}]}},"s":{"0":2,"1":2,"2":2,"3":2,"4":2,"5":101,"6":101,"7":101,"8":101,"9":101,"10":10,"11":1,"12":9,"13":9,"14":1,"15":8,"16":101,"17":10,"18":10,"19":10,"20":10,"21":2,"22":2,"23":2,"24":8,"25":8,"26":8,"27":8,"28":6,"29":2,"30":2,"31":2,"32":8,"33":101,"34":2,"35":2,"36":2,"37":2,"38":101},"f":{"0":101,"1":10,"2":10,"3":2},"b":{"0":[1],"1":[1],"2":[2],"3":[1,1]}}
,"/var/home/felix-powerhouse/Temp/kimi-harness-final-test/apps/web/src/hooks/useModels.ts": {"path":"/var/home/felix-powerhouse/Temp/kimi-harness-final-test/apps/web/src/hooks/useModels.ts","statementMap":{"0":{"start":{"line":10,"column":0},"end":{"line":10,"column":16}},"1":{"start":{"line":3,"column":0},"end":{"line":3,"column":44}},"2":{"start":{"line":11,"column":30},"end":{"line":11,"column":52}},"3":{"start":{"line":12,"column":42},"end":{"line":12,"column":78}},"4":{"start":{"line":13,"column":36},"end":{"line":13,"column":50}},"5":{"start":{"line":14,"column":28},"end":{"line":14,"column":57}},"6":{"start":{"line":16,"column":2},"end":{"line":41,"column":9}},"7":{"start":{"line":17,"column":20},"end":{"line":17,"column":25}},"8":{"start":{"line":20,"column":6},"end":{"line":34,"column":7}},"9":{"start":{"line":21,"column":20},"end":{"line":21,"column":46}},"10":{"start":{"line":22,"column":8},"end":{"line":22,"column":62}},"11":{"start":{"line":22,"column":21},"end":{"line":22,"column":62}},"12":{"start":{"line":23,"column":37},"end":{"line":23,"column":53}},"13":{"start":{"line":24,"column":8},"end":{"line":27,"column":9}},"14":{"start":{"line":25,"column":10},"end":{"line":25,"column":33}},"15":{"start":{"line":26,"column":10},"end":{"line":26,"column":45}},"16":{"start":{"line":29,"column":8},"end":{"line":31,"column":9}},"17":{"start":{"line":30,"column":10},"end":{"line":30,"column":73}},"18":{"start":{"line":33,"column":8},"end":{"line":33,"column":44}},"19":{"start":{"line":33,"column":24},"end":{"line":33,"column":44}},"20":{"start":{"line":37,"column":4},"end":{"line":37,"column":18}},"21":{"start":{"line":38,"column":4},"end":{"line":40,"column":6}},"22":{"start":{"line":39,"column":6},"end":{"line":39,"column":23}},"23":{"start":{"line":43,"column":2},"end":{"line":43,"column":52}}},"fnMap":{"0":{"name":"useModels","decl":{"start":{"line":10,"column":16},"end":{"line":10,"column":25}},"loc":{"start":{"line":10,"column":25},"end":{"line":44,"column":1}}},"1":{"name":"(anonymous_1)","decl":{"start":{"line":16,"column":12},"end":{"line":16,"column":15}},"loc":{"start":{"line":16,"column":17},"end":{"line":41,"column":3}}},"2":{"name":"fetchModels","decl":{"start":{"line":19,"column":19},"end":{"line":19,"column":30}},"loc":{"start":{"line":19,"column":30},"end":{"line":35,"column":5}}},"3":{"name":"(anonymous_3)","decl":{"start":{"line":38,"column":11},"end":{"line":38,"column":14}},"loc":{"start":{"line":38,"column":16},"end":{"line":40,"column":5}}}},"branchMap":{"0":{"loc":{"start":{"line":22,"column":8},"end":{"line":22,"column":62}},"type":"if","locations":[{"start":{"line":22,"column":8},"end":{"line":22,"column":62}}]},"1":{"loc":{"start":{"line":24,"column":8},"end":{"line":27,"column":9}},"type":"if","locations":[{"start":{"line":24,"column":8},"end":{"line":27,"column":9}}]},"2":{"loc":{"start":{"line":29,"column":8},"end":{"line":31,"column":9}},"type":"if","locations":[{"start":{"line":29,"column":8},"end":{"line":31,"column":9}}]},"3":{"loc":{"start":{"line":30,"column":19},"end":{"line":30,"column":71}},"type":"cond-expr","locations":[{"start":{"line":30,"column":42},"end":{"line":30,"column":53}},{"start":{"line":30,"column":56},"end":{"line":30,"column":71}}]},"4":{"loc":{"start":{"line":33,"column":8},"end":{"line":33,"column":44}},"type":"if","locations":[{"start":{"line":33,"column":8},"end":{"line":33,"column":44}}]}},"s":{"0":1,"1":1,"2":9,"3":9,"4":9,"5":9,"6":9,"7":5,"8":5,"9":5,"10":3,"11":1,"12":2,"13":2,"14":1,"15":1,"16":3,"17":3,"18":5,"19":4,"20":5,"21":5,"22":5,"23":9},"f":{"0":9,"1":5,"2":5,"3":5},"b":{"0":[1],"1":[1],"2":[3],"3":[3,0],"4":[4]}}
,"/var/home/felix-powerhouse/Temp/kimi-harness-final-test/apps/web/src/lib/chunking.ts": {"path":"/var/home/felix-powerhouse/Temp/kimi-harness-final-test/apps/web/src/lib/chunking.ts","statementMap":{"0":{"start":{"line":13,"column":0},"end":{"line":13,"column":16}},"1":{"start":{"line":1,"column":0},"end":{"line":1,"column":36}},"2":{"start":{"line":9,"column":27},"end":{"line":9,"column":30}},"3":{"start":{"line":10,"column":31},"end":{"line":10,"column":33}},"4":{"start":{"line":11,"column":24},"end":{"line":11,"column":25}},"5":{"start":{"line":14,"column":20},"end":{"line":14,"column":60}},"6":{"start":{"line":15,"column":24},"end":{"line":15,"column":72}},"7":{"start":{"line":16,"column":19},"end":{"line":16,"column":46}},"8":{"start":{"line":17,"column":23},"end":{"line":17,"column":54}},"9":{"start":{"line":19,"column":26},"end":{"line":19,"column":28}},"10":{"start":{"line":20,"column":21},"end":{"line":20,"column":59}},"11":{"start":{"line":22,"column":21},"end":{"line":22,"column":23}},"12":{"start":{"line":23,"column":26},"end":{"line":23,"column":27}},"13":{"start":{"line":25,"column":2},"end":{"line":54,"column":3}},"14":{"start":{"line":25,"column":15},"end":{"line":25,"column":16}},"15":{"start":{"line":26,"column":50},"end":{"line":26,"column":63}},"16":{"start":{"line":28,"column":4},"end":{"line":53,"column":5}},"17":{"start":{"line":29,"column":6},"end":{"line":31,"column":7}},"18":{"start":{"line":30,"column":8},"end":{"line":30,"column":38}},"19":{"start":{"line":32,"column":6},"end":{"line":32,"column":63}},"20":{"start":{"line":34,"column":6},"end":{"line":37,"column":7}},"21":{"start":{"line":35,"column":8},"end":{"line":35,"column":72}},"22":{"start":{"line":36,"column":8},"end":{"line":36,"column":26}},"23":{"start":{"line":39,"column":6},"end":{"line":52,"column":7}},"24":{"start":{"line":40,"column":26},"end":{"line":40,"column":79}},"25":{"start":{"line":41,"column":33},"end":{"line":41,"column":69}},"26":{"start":{"line":42,"column":23},"end":{"line":42,"column":32}},"27":{"start":{"line":43,"column":8},"end":{"line":47,"column":9}},"28":{"start":{"line":43,"column":21},"end":{"line":43,"column":22}},"29":{"start":{"line":44,"column":22},"end":{"line":44,"column":34}},"30":{"start":{"line":45,"column":10},"end":{"line":45,"column":56}},"31":{"start":{"line":46,"column":10},"end":{"line":46,"column":62}},"32":{"start":{"line":48,"column":8},"end":{"line":48,"column":57}},"33":{"start":{"line":50,"column":8},"end":{"line":50,"column":33}},"34":{"start":{"line":51,"column":8},"end":{"line":51,"column":38}},"35":{"start":{"line":56,"column":2},"end":{"line":58,"column":3}},"36":{"start":{"line":57,"column":4},"end":{"line":57,"column":68}},"37":{"start":{"line":60,"column":2},"end":{"line":60,"column":44}},"38":{"start":{"line":64,"column":16},"end":{"line":64,"column":24}},"39":{"start":{"line":65,"column":61},"end":{"line":65,"column":63}},"40":{"start":{"line":66,"column":16},"end":{"line":66,"column":17}},"41":{"start":{"line":69,"column":2},"end":{"line":75,"column":3}},"42":{"start":{"line":70,"column":22},"end":{"line":70,"column":61}},"43":{"start":{"line":71,"column":4},"end":{"line":73,"column":5}},"44":{"start":{"line":72,"column":6},"end":{"line":72,"column":59}},"45":{"start":{"line":74,"column":4},"end":{"line":74,"column":44}},"46":{"start":{"line":77,"column":24},"end":{"line":77,"column":50}},"47":{"start":{"line":78,"column":2},"end":{"line":80,"column":3}},"48":{"start":{"line":79,"column":4},"end":{"line":79,"column":61}},"49":{"start":{"line":82,"column":2},"end":{"line":82,"column":20}},"50":{"start":{"line":86,"column":26},"end":{"line":86,"column":28}},"51":{"start":{"line":87,"column":14},"end":{"line":87,"column":15}},"52":{"start":{"line":88,"column":27},"end":{"line":88,"column":63}},"53":{"start":{"line":90,"column":2},"end":{"line":105,"column":3}},"54":{"start":{"line":91,"column":14},"end":{"line":91,"column":30}},"55":{"start":{"line":92,"column":4},"end":{"line":95,"column":5}},"56":{"start":{"line":93,"column":6},"end":{"line":93,"column":41}},"57":{"start":{"line":94,"column":6},"end":{"line":94,"column":12}},"58":{"start":{"line":97,"column":24},"end":{"line":97,"column":60}},"59":{"start":{"line":98,"column":4},"end":{"line":100,"column":5}},"60":{"start":{"line":99,"column":6},"end":{"line":99,"column":24}},"61":{"start":{"line":102,"column":4},"end":{"line":102,"column":44}},"62":{"start":{"line":104,"column":4},"end":{"line":104,"column":56}},"63":{"start":{"line":107,"column":2},"end":{"line":107,"column":15}},"64":{"start":{"line":111,"column":22},"end":{"line":111,"column":25}},"65":{"start":{"line":112,"column":16},"end":{"line":112,"column":54}},"66":{"start":{"line":113,"column":14},"end":{"line":113,"column":62}},"67":{"start":{"line":114,"column":16},"end":{"line":114,"column":38}},"68":{"start":{"line":116,"column":33},"end":{"line":116,"column":35}},"69":{"start":{"line":117,"column":16},"end":{"line":117,"column":27}},"70":{"start":{"line":119,"column":2},"end":{"line":121,"column":3}},"71":{"start":{"line":120,"column":4},"end":{"line":120,"column":61}},"72":{"start":{"line":123,"column":16},"end":{"line":123,"column":27}},"73":{"start":{"line":124,"column":16},"end":{"line":124,"column":24}},"74":{"start":{"line":125,"column":2},"end":{"line":131,"column":3}},"75":{"start":{"line":126,"column":17},"end":{"line":126,"column":44}},"76":{"start":{"line":127,"column":4},"end":{"line":130,"column":5}},"77":{"start":{"line":128,"column":6},"end":{"line":128,"column":21}},"78":{"start":{"line":129,"column":6},"end":{"line":129,"column":20}},"79":{"start":{"line":133,"column":2},"end":{"line":133,"column":17}},"80":{"start":{"line":137,"column":22},"end":{"line":137,"column":45}},"81":{"start":{"line":138,"column":19},"end":{"line":138,"column":71}},"82":{"start":{"line":139,"column":2},"end":{"line":144,"column":4}},"83":{"start":{"line":148,"column":2},"end":{"line":148,"column":40}},"84":{"start":{"line":148,"column":26},"end":{"line":148,"column":40}},"85":{"start":{"line":150,"column":26},"end":{"line":150,"column":28}},"86":{"start":{"line":151,"column":16},"end":{"line":151,"column":25}},"87":{"start":{"line":153,"column":2},"end":{"line":166,"column":3}},"88":{"start":{"line":153,"column":15},"end":{"line":153,"column":16}},"89":{"start":{"line":154,"column":17},"end":{"line":154,"column":26}},"90":{"start":{"line":155,"column":4},"end":{"line":165,"column":5}},"91":{"start":{"line":156,"column":6},"end":{"line":161,"column":8}},"92":{"start":{"line":163,"column":6},"end":{"line":163,"column":27}},"93":{"start":{"line":164,"column":6},"end":{"line":164,"column":21}},"94":{"start":{"line":167,"column":2},"end":{"line":167,"column":23}},"95":{"start":{"line":169,"column":2},"end":{"line":169,"column":16}}},"fnMap":{"0":{"name":"chunkText","decl":{"start":{"line":13,"column":16},"end":{"line":13,"column":25}},"loc":{"start":{"line":13,"column":62},"end":{"line":61,"column":1}}},"1":{"name":"splitIntoParagraphsWithPositions","decl":{"start":{"line":63,"column":9},"end":{"line":63,"column":41}},"loc":{"start":{"line":63,"column":54},"end":{"line":83,"column":1}}},"2":{"name":"splitLongParagraph","decl":{"start":{"line":85,"column":9},"end":{"line":85,"column":27}},"loc":{"start":{"line":85,"column":85},"end":{"line":108,"column":1}}},"3":{"name":"findSentenceBoundary","decl":{"start":{"line":110,"column":9},"end":{"line":110,"column":29}},"loc":{"start":{"line":110,"column":63},"end":{"line":134,"column":1}}},"4":{"name":"createChunk","decl":{"start":{"line":136,"column":9},"end":{"line":136,"column":20}},"loc":{"start":{"line":136,"column":71},"end":{"line":145,"column":1}}},"5":{"name":"mergeSmallChunks","decl":{"start":{"line":147,"column":9},"end":{"line":147,"column":25}},"loc":{"start":{"line":147,"column":59},"end":{"line":170,"column":1}}}},"branchMap":{"0":{"loc":{"start":{"line":14,"column":20},"end":{"line":14,"column":60}},"type":"binary-expr","locations":[{"start":{"line":14,"column":20},"end":{"line":14,"column":38}},{"start":{"line":14,"column":42},"end":{"line":14,"column":60}}]},"1":{"loc":{"start":{"line":15,"column":24},"end":{"line":15,"column":72}},"type":"binary-expr","locations":[{"start":{"line":15,"column":24},"end":{"line":15,"column":46}},{"start":{"line":15,"column":50},"end":{"line":15,"column":72}}]},"2":{"loc":{"start":{"line":28,"column":4},"end":{"line":53,"column":5}},"type":"if","locations":[{"start":{"line":28,"column":4},"end":{"line":53,"column":5}},{"start":{"line":33,"column":11},"end":{"line":53,"column":5}}]},"3":{"loc":{"start":{"line":29,"column":6},"end":{"line":31,"column":7}},"type":"if","locations":[{"start":{"line":29,"column":6},"end":{"line":31,"column":7}}]},"4":{"loc":{"start":{"line":32,"column":23},"end":{"line":32,"column":49}},"type":"cond-expr","locations":[{"start":{"line":32,"column":38},"end":{"line":32,"column":44}},{"start":{"line":32,"column":47},"end":{"line":32,"column":49}}]},"5":{"loc":{"start":{"line":34,"column":6},"end":{"line":37,"column":7}},"type":"if","locations":[{"start":{"line":34,"column":6},"end":{"line":37,"column":7}}]},"6":{"loc":{"start":{"line":39,"column":6},"end":{"line":52,"column":7}},"type":"if","locations":[{"start":{"line":39,"column":6},"end":{"line":52,"column":7}},{"start":{"line":49,"column":13},"end":{"line":52,"column":7}}]},"7":{"loc":{"start":{"line":56,"column":2},"end":{"line":58,"column":3}},"type":"if","locations":[{"start":{"line":56,"column":2},"end":{"line":58,"column":3}}]},"8":{"loc":{"start":{"line":71,"column":4},"end":{"line":73,"column":5}},"type":"if","locations":[{"start":{"line":71,"column":4},"end":{"line":73,"column":5}}]},"9":{"loc":{"start":{"line":78,"column":2},"end":{"line":80,"column":3}},"type":"if","locations":[{"start":{"line":78,"column":2},"end":{"line":80,"column":3}}]},"10":{"loc":{"start":{"line":92,"column":4},"end":{"line":95,"column":5}},"type":"if","locations":[{"start":{"line":92,"column":4},"end":{"line":95,"column":5}}]},"11":{"loc":{"start":{"line":98,"column":4},"end":{"line":100,"column":5}},"type":"if","locations":[{"start":{"line":98,"column":4},"end":{"line":100,"column":5}}]},"12":{"loc":{"start":{"line":98,"column":8},"end":{"line":98,"column":62}},"type":"binary-expr","locations":[{"start":{"line":98,"column":8},"end":{"line":98,"column":27}},{"start":{"line":98,"column":31},"end":{"line":98,"column":62}}]},"13":{"loc":{"start":{"line":127,"column":4},"end":{"line":130,"column":5}},"type":"if","locations":[{"start":{"line":127,"column":4},"end":{"line":130,"column":5}}]},"14":{"loc":{"start":{"line":148,"column":2},"end":{"line":148,"column":40}},"type":"if","locations":[{"start":{"line":148,"column":2},"end":{"line":148,"column":40}}]},"15":{"loc":{"start":{"line":155,"column":4},"end":{"line":165,"column":5}},"type":"if","locations":[{"start":{"line":155,"column":4},"end":{"line":165,"column":5}},{"start":{"line":162,"column":11},"end":{"line":165,"column":5}}]}},"s":{"0":4,"1":4,"2":4,"3":4,"4":4,"5":27,"6":27,"7":27,"8":27,"9":27,"10":27,"11":27,"12":27,"13":27,"14":27,"15":56,"16":56,"17":47,"18":20,"19":47,"20":9,"21":3,"22":3,"23":9,"24":7,"25":7,"26":7,"27":7,"28":7,"29":3696,"30":3696,"31":3696,"32":7,"33":2,"34":2,"35":27,"36":19,"37":27,"38":27,"39":27,"40":27,"41":27,"42":30,"43":30,"44":30,"45":30,"46":27,"47":27,"48":26,"49":27,"50":7,"51":7,"52":7,"53":7,"54":3696,"55":3696,"56":7,"57":7,"58":3689,"59":3689,"60":3689,"61":3689,"62":3689,"63":7,"64":3689,"65":3689,"66":3689,"67":3689,"68":3689,"69":3689,"70":3689,"71":26,"72":3689,"73":3689,"74":3689,"75":26,"76":26,"77":26,"78":26,"79":3689,"80":3718,"81":3718,"82":3718,"83":27,"84":18,"85":9,"86":9,"87":9,"88":9,"89":3692,"90":3692,"91":0,"92":3692,"93":3692,"94":9,"95":9},"f":{"0":27,"1":27,"2":7,"3":3689,"4":3718,"5":27},"b":{"0":[27,16],"1":[27,25],"2":[47,9],"3":[20],"4":[27,20],"5":[3],"6":[7,2],"7":[19],"8":[30],"9":[26],"10":[7],"11":[3689],"12":[3689,3689],"13":[26],"14":[18],"15":[0,3692]}}
,"/var/home/felix-powerhouse/Temp/kimi-harness-final-test/apps/web/src/lib/embeddings.ts": {"path":"/var/home/felix-powerhouse/Temp/kimi-harness-final-test/apps/web/src/lib/embeddings.ts","statementMap":{"0":{"start":{"line":76,"column":0},"end":{"line":76,"column":16}},"1":{"start":{"line":17,"column":49},"end":{"line":17,"column":53}},"2":{"start":{"line":18,"column":61},"end":{"line":18,"column":65}},"3":{"start":{"line":21,"column":47},"end":{"line":21,"column":51}},"4":{"start":{"line":22,"column":22},"end":{"line":22,"column":47}},"5":{"start":{"line":25,"column":4},"end":{"line":27,"column":5}},"6":{"start":{"line":26,"column":6},"end":{"line":26,"column":30}},"7":{"start":{"line":28,"column":4},"end":{"line":35,"column":5}},"8":{"start":{"line":29,"column":6},"end":{"line":34,"column":11}},"9":{"start":{"line":30,"column":25},"end":{"line":30,"column":48}},"10":{"start":{"line":31,"column":8},"end":{"line":31,"column":30}},"11":{"start":{"line":32,"column":8},"end":{"line":32,"column":36}},"12":{"start":{"line":33,"column":8},"end":{"line":33,"column":24}},"13":{"start":{"line":36,"column":4},"end":{"line":36,"column":31}},"14":{"start":{"line":40,"column":25},"end":{"line":40,"column":66}},"15":{"start":{"line":41,"column":4},"end":{"line":43,"column":39}},"16":{"start":{"line":47,"column":4},"end":{"line":49,"column":5}},"17":{"start":{"line":48,"column":6},"end":{"line":48,"column":55}},"18":{"start":{"line":50,"column":19},"end":{"line":50,"column":83}},"19":{"start":{"line":51,"column":19},"end":{"line":51,"column":54}},"20":{"start":{"line":52,"column":4},"end":{"line":52,"column":45}},"21":{"start":{"line":56,"column":4},"end":{"line":58,"column":5}},"22":{"start":{"line":57,"column":6},"end":{"line":57,"column":55}},"23":{"start":{"line":59,"column":20},"end":{"line":59,"column":85}},"24":{"start":{"line":60,"column":39},"end":{"line":60,"column":41}},"25":{"start":{"line":62,"column":4},"end":{"line":66,"column":5}},"26":{"start":{"line":62,"column":17},"end":{"line":62,"column":18}},"27":{"start":{"line":63,"column":19},"end":{"line":63,"column":29}},"28":{"start":{"line":64,"column":21},"end":{"line":64,"column":54}},"29":{"start":{"line":65,"column":6},"end":{"line":65,"column":54}},"30":{"start":{"line":68,"column":4},"end":{"line":68,"column":19}},"31":{"start":{"line":72,"column":4},"end":{"line":72,"column":28}},"32":{"start":{"line":20,"column":0},"end":{"line":20,"column":13}},"33":{"start":{"line":77,"column":2},"end":{"line":79,"column":3}},"34":{"start":{"line":78,"column":4},"end":{"line":78,"column":57}},"35":{"start":{"line":80,"column":12},"end":{"line":80,"column":13}},"36":{"start":{"line":81,"column":14},"end":{"line":81,"column":15}},"37":{"start":{"line":82,"column":14},"end":{"line":82,"column":15}},"38":{"start":{"line":83,"column":2},"end":{"line":87,"column":3}},"39":{"start":{"line":83,"column":15},"end":{"line":83,"column":16}},"40":{"start":{"line":84,"column":4},"end":{"line":84,"column":23}},"41":{"start":{"line":85,"column":4},"end":{"line":85,"column":25}},"42":{"start":{"line":86,"column":4},"end":{"line":86,"column":25}},"43":{"start":{"line":88,"column":2},"end":{"line":88,"column":53}}},"fnMap":{"0":{"name":"(anonymous_9)","decl":{"start":{"line":24,"column":2},"end":{"line":24,"column":8}},"loc":{"start":{"line":24,"column":26},"end":{"line":37,"column":3}}},"1":{"name":"(anonymous_10)","decl":{"start":{"line":29,"column":29},"end":{"line":29,"column":34}},"loc":{"start":{"line":29,"column":40},"end":{"line":34,"column":7}}},"2":{"name":"(anonymous_11)","decl":{"start":{"line":39,"column":10},"end":{"line":39,"column":15}},"loc":{"start":{"line":39,"column":20},"end":{"line":44,"column":3}}},"3":{"name":"(anonymous_12)","decl":{"start":{"line":40,"column":25},"end":{"line":40,"column":38}},"loc":{"start":{"line":40,"column":25},"end":{"line":40,"column":66}}},"4":{"name":"(anonymous_13)","decl":{"start":{"line":46,"column":2},"end":{"line":46,"column":7}},"loc":{"start":{"line":46,"column":26},"end":{"line":53,"column":3}}},"5":{"name":"(anonymous_14)","decl":{"start":{"line":55,"column":2},"end":{"line":55,"column":7}},"loc":{"start":{"line":55,"column":34},"end":{"line":69,"column":3}}},"6":{"name":"(anonymous_15)","decl":{"start":{"line":71,"column":2},"end":{"line":71,"column":8}},"loc":{"start":{"line":71,"column":22},"end":{"line":73,"column":3}}},"7":{"name":"cosineSimilarity","decl":{"start":{"line":76,"column":16},"end":{"line":76,"column":32}},"loc":{"start":{"line":76,"column":57},"end":{"line":89,"column":1}}}},"branchMap":{"0":{"loc":{"start":{"line":25,"column":4},"end":{"line":27,"column":5}},"type":"if","locations":[{"start":{"line":25,"column":4},"end":{"line":27,"column":5}}]},"1":{"loc":{"start":{"line":28,"column":4},"end":{"line":35,"column":5}},"type":"if","locations":[{"start":{"line":28,"column":4},"end":{"line":35,"column":5}}]},"2":{"loc":{"start":{"line":47,"column":4},"end":{"line":49,"column":5}},"type":"if","locations":[{"start":{"line":47,"column":4},"end":{"line":49,"column":5}}]},"3":{"loc":{"start":{"line":56,"column":4},"end":{"line":58,"column":5}},"type":"if","locations":[{"start":{"line":56,"column":4},"end":{"line":58,"column":5}}]},"4":{"loc":{"start":{"line":77,"column":2},"end":{"line":79,"column":3}},"type":"if","locations":[{"start":{"line":77,"column":2},"end":{"line":79,"column":3}}]}},"s":{"0":3,"1":3,"2":3,"3":3,"4":3,"5":8,"6":2,"7":6,"8":2,"9":2,"10":2,"11":2,"12":2,"13":6,"14":4,"15":2,"16":3,"17":1,"18":2,"19":1,"20":1,"21":4,"22":0,"23":4,"24":4,"25":4,"26":4,"27":6,"28":6,"29":6,"30":4,"31":6,"32":3,"33":8,"34":1,"35":7,"36":7,"37":7,"38":7,"39":7,"40":19,"41":19,"42":19,"43":7},"f":{"0":8,"1":2,"2":2,"3":2,"4":3,"5":4,"6":6,"7":8},"b":{"0":[2],"1":[2],"2":[1],"3":[0],"4":[1]}}
,"/var/home/felix-powerhouse/Temp/kimi-harness-final-test/apps/web/src/lib/fetch-with-retry.ts": {"path":"/var/home/felix-powerhouse/Temp/kimi-harness-final-test/apps/web/src/lib/fetch-with-retry.ts","statementMap":{"0":{"start":{"line":24,"column":0},"end":{"line":24,"column":16}},"1":{"start":{"line":7,"column":57},"end":{"line":11,"column":2}},"2":{"start":{"line":14,"column":2},"end":{"line":14,"column":59}},"3":{"start":{"line":14,"column":34},"end":{"line":14,"column":57}},"4":{"start":{"line":18,"column":2},"end":{"line":20,"column":3}},"5":{"start":{"line":19,"column":4},"end":{"line":19,"column":17}},"6":{"start":{"line":21,"column":2},"end":{"line":21,"column":14}},"7":{"start":{"line":27,"column":47},"end":{"line":27,"column":81}},"8":{"start":{"line":29,"column":2},"end":{"line":59,"column":4}},"9":{"start":{"line":32,"column":4},"end":{"line":56,"column":5}},"10":{"start":{"line":32,"column":23},"end":{"line":32,"column":24}},"11":{"start":{"line":33,"column":6},"end":{"line":55,"column":7}},"12":{"start":{"line":34,"column":25},"end":{"line":34,"column":49}},"13":{"start":{"line":36,"column":8},"end":{"line":43,"column":9}},"14":{"start":{"line":42,"column":10},"end":{"line":42,"column":61}},"15":{"start":{"line":44,"column":8},"end":{"line":44,"column":24}},"16":{"start":{"line":46,"column":8},"end":{"line":48,"column":9}},"17":{"start":{"line":47,"column":10},"end":{"line":47,"column":22}},"18":{"start":{"line":49,"column":8},"end":{"line":49,"column":78}},"19":{"start":{"line":50,"column":8},"end":{"line":52,"column":9}},"20":{"start":{"line":51,"column":10},"end":{"line":51,"column":16}},"21":{"start":{"line":53,"column":22},"end":{"line":53,"column":70}},"22":{"start":{"line":54,"column":8},"end":{"line":54,"column":27}},"23":{"start":{"line":58,"column":4},"end":{"line":58,"column":65}}},"fnMap":{"0":{"name":"sleep","decl":{"start":{"line":13,"column":9},"end":{"line":13,"column":14}},"loc":{"start":{"line":13,"column":25},"end":{"line":15,"column":1}}},"1":{"name":"(anonymous_1)","decl":{"start":{"line":14,"column":21},"end":{"line":14,"column":22}},"loc":{"start":{"line":14,"column":34},"end":{"line":14,"column":57}}},"2":{"name":"isRetryableError","decl":{"start":{"line":17,"column":9},"end":{"line":17,"column":25}},"loc":{"start":{"line":17,"column":40},"end":{"line":22,"column":1}}},"3":{"name":"fetchWithRetry","decl":{"start":{"line":24,"column":16},"end":{"line":24,"column":30}},"loc":{"start":{"line":25,"column":37},"end":{"line":60,"column":1}}},"4":{"name":"(anonymous_4)","decl":{"start":{"line":29,"column":9},"end":{"line":29,"column":14}},"loc":{"start":{"line":29,"column":83},"end":{"line":59,"column":3}}}},"branchMap":{"0":{"loc":{"start":{"line":18,"column":2},"end":{"line":20,"column":3}},"type":"if","locations":[{"start":{"line":18,"column":2},"end":{"line":20,"column":3}}]},"1":{"loc":{"start":{"line":18,"column":6},"end":{"line":18,"column":59}},"type":"binary-expr","locations":[{"start":{"line":18,"column":6},"end":{"line":18,"column":28}},{"start":{"line":18,"column":32},"end":{"line":18,"column":59}}]},"2":{"loc":{"start":{"line":25,"column":2},"end":{"line":25,"column":37}},"type":"default-arg","locations":[{"start":{"line":25,"column":35},"end":{"line":25,"column":37}}]},"3":{"loc":{"start":{"line":36,"column":8},"end":{"line":43,"column":9}},"type":"if","locations":[{"start":{"line":36,"column":8},"end":{"line":43,"column":9}}]},"4":{"loc":{"start":{"line":37,"column":10},"end":{"line":40,"column":51}},"type":"binary-expr","locations":[{"start":{"line":37,"column":10},"end":{"line":37,"column":32}},{"start":{"line":38,"column":10},"end":{"line":38,"column":31}},{"start":{"line":39,"column":10},"end":{"line":39,"column":27}},{"start":{"line":40,"column":10},"end":{"line":40,"column":51}}]},"5":{"loc":{"start":{"line":46,"column":8},"end":{"line":48,"column":9}},"type":"if","locations":[{"start":{"line":46,"column":8},"end":{"line":48,"column":9}}]},"6":{"loc":{"start":{"line":49,"column":20},"end":{"line":49,"column":77}},"type":"cond-expr","locations":[{"start":{"line":49,"column":45},"end":{"line":49,"column":50}},{"start":{"line":49,"column":53},"end":{"line":49,"column":77}}]},"7":{"loc":{"start":{"line":50,"column":8},"end":{"line":52,"column":9}},"type":"if","locations":[{"start":{"line":50,"column":8},"end":{"line":52,"column":9}}]},"8":{"loc":{"start":{"line":58,"column":10},"end":{"line":58,"column":64}},"type":"binary-expr","locations":[{"start":{"line":58,"column":10},"end":{"line":58,"column":19}},{"start":{"line":58,"column":23},"end":{"line":58,"column":64}}]}},"s":{"0":3,"1":3,"2":7,"3":7,"4":11,"5":1,"6":10,"7":10,"8":10,"9":12,"10":12,"11":19,"12":19,"13":10,"14":2,"15":8,"16":11,"17":1,"18":10,"19":10,"20":3,"21":7,"22":7,"23":3},"f":{"0":7,"1":7,"2":11,"3":10,"4":12},"b":{"0":[1],"1":[11,10],"2":[1],"3":[2],"4":[10,3,3,3],"5":[1],"6":[9,1],"7":[3],"8":[3,0]}}
,"/var/home/felix-powerhouse/Temp/kimi-harness-final-test/apps/web/src/lib/llm-client.ts": {"path":"/var/home/felix-powerhouse/Temp/kimi-harness-final-test/apps/web/src/lib/llm-client.ts","statementMap":{"0":{"start":{"line":7,"column":0},"end":{"line":7,"column":16}},"1":{"start":{"line":17,"column":0},"end":{"line":17,"column":16}},"2":{"start":{"line":1,"column":0},"end":{"line":1,"column":46}},"3":{"start":{"line":3,"column":0},"end":{"line":3,"column":52}},"4":{"start":{"line":5,"column":25},"end":{"line":5,"column":92}},"5":{"start":{"line":8,"column":17},"end":{"line":12,"column":4}},"6":{"start":{"line":14,"column":2},"end":{"line":14,"column":35}},"7":{"start":{"line":18,"column":2},"end":{"line":23,"column":4}}},"fnMap":{"0":{"name":"createLLMClient","decl":{"start":{"line":7,"column":16},"end":{"line":7,"column":31}},"loc":{"start":{"line":7,"column":49},"end":{"line":15,"column":1}}},"1":{"name":"getDefaultLLMConfig","decl":{"start":{"line":17,"column":16},"end":{"line":17,"column":35}},"loc":{"start":{"line":17,"column":35},"end":{"line":24,"column":1}}}},"branchMap":{"0":{"loc":{"start":{"line":10,"column":12},"end":{"line":10,"column":37}},"type":"binary-expr","locations":[{"start":{"line":10,"column":12},"end":{"line":10,"column":25}},{"start":{"line":10,"column":29},"end":{"line":10,"column":37}}]},"1":{"loc":{"start":{"line":19,"column":13},"end":{"line":19,"column":80}},"type":"binary-expr","locations":[{"start":{"line":19,"column":13},"end":{"line":19,"column":49}},{"start":{"line":19,"column":53},"end":{"line":19,"column":80}}]},"2":{"loc":{"start":{"line":20,"column":11},"end":{"line":20,"column":58}},"type":"binary-expr","locations":[{"start":{"line":20,"column":11},"end":{"line":20,"column":44}},{"start":{"line":20,"column":48},"end":{"line":20,"column":58}}]}},"s":{"0":1,"1":1,"2":1,"3":1,"4":1,"5":4,"6":4,"7":1},"f":{"0":4,"1":1},"b":{"0":[4,3],"1":[1,1],"2":[1,1]}}
,"/var/home/felix-powerhouse/Temp/kimi-harness-final-test/apps/web/src/lib/minisearch-index.ts": {"path":"/var/home/felix-powerhouse/Temp/kimi-harness-final-test/apps/web/src/lib/minisearch-index.ts","statementMap":{"0":{"start":{"line":1,"column":0},"end":{"line":1,"column":36}},"1":{"start":{"line":11,"column":39},"end":{"line":11,"column":48}},"2":{"start":{"line":14,"column":4},"end":{"line":18,"column":7}},"3":{"start":{"line":22,"column":17},"end":{"line":25,"column":7}},"4":{"start":{"line":22,"column":40},"end":{"line":25,"column":6}},"5":{"start":{"line":27,"column":4},"end":{"line":27,"column":33}},"6":{"start":{"line":29,"column":4},"end":{"line":31,"column":5}},"7":{"start":{"line":30,"column":6},"end":{"line":30,"column":39}},"8":{"start":{"line":35,"column":4},"end":{"line":37,"column":5}},"9":{"start":{"line":36,"column":6},"end":{"line":36,"column":16}},"10":{"start":{"line":39,"column":20},"end":{"line":39,"column":65}},"11":{"start":{"line":41,"column":4},"end":{"line":45,"column":8}},"12":{"start":{"line":41,"column":36},"end":{"line":45,"column":6}},"13":{"start":{"line":49,"column":4},"end":{"line":49,"column":31}},"14":{"start":{"line":53,"column":4},"end":{"line":57,"column":7}},"15":{"start":{"line":58,"column":4},"end":{"line":58,"column":24}},"16":{"start":{"line":9,"column":0},"end":{"line":9,"column":13}}},"fnMap":{"0":{"name":"(anonymous_1)","decl":{"start":{"line":13,"column":2},"end":{"line":13,"column":null}},"loc":{"start":{"line":13,"column":2},"end":{"line":19,"column":3}}},"1":{"name":"(anonymous_2)","decl":{"start":{"line":21,"column":2},"end":{"line":21,"column":11}},"loc":{"start":{"line":21,"column":27},"end":{"line":32,"column":3}}},"2":{"name":"(anonymous_3)","decl":{"start":{"line":22,"column":28},"end":{"line":22,"column":29}},"loc":{"start":{"line":22,"column":40},"end":{"line":25,"column":6}}},"3":{"name":"(anonymous_4)","decl":{"start":{"line":34,"column":2},"end":{"line":34,"column":8}},"loc":{"start":{"line":34,"column":33},"end":{"line":46,"column":3}}},"4":{"name":"(anonymous_5)","decl":{"start":{"line":41,"column":23},"end":{"line":41,"column":24}},"loc":{"start":{"line":41,"column":36},"end":{"line":45,"column":6}}},"5":{"name":"(anonymous_6)","decl":{"start":{"line":48,"column":2},"end":{"line":48,"column":14}},"loc":{"start":{"line":48,"column":25},"end":{"line":50,"column":3}}},"6":{"name":"(anonymous_7)","decl":{"start":{"line":52,"column":2},"end":{"line":52,"column":7}},"loc":{"start":{"line":52,"column":7},"end":{"line":59,"column":3}}}},"branchMap":{"0":{"loc":{"start":{"line":34,"column":24},"end":{"line":34,"column":33}},"type":"default-arg","locations":[{"start":{"line":34,"column":32},"end":{"line":34,"column":33}}]},"1":{"loc":{"start":{"line":35,"column":4},"end":{"line":37,"column":5}},"type":"if","locations":[{"start":{"line":35,"column":4},"end":{"line":37,"column":5}}]},"2":{"loc":{"start":{"line":44,"column":12},"end":{"line":44,"column":65}},"type":"binary-expr","locations":[{"start":{"line":44,"column":12},"end":{"line":44,"column":23}},{"start":{"line":44,"column":27},"end":{"line":44,"column":59}},{"start":{"line":44,"column":63},"end":{"line":44,"column":65}}]}},"s":{"0":4,"1":19,"2":19,"3":19,"4":39,"5":19,"6":19,"7":39,"8":10,"9":2,"10":8,"11":8,"12":8,"13":4,"14":3,"15":3,"16":4},"f":{"0":19,"1":19,"2":39,"3":10,"4":8,"5":4,"6":3},"b":{"0":[6],"1":[2],"2":[8,0,0]}}
,"/var/home/felix-powerhouse/Temp/kimi-harness-final-test/apps/web/src/lib/parser-client.ts": {"path":"/var/home/felix-powerhouse/Temp/kimi-harness-final-test/apps/web/src/lib/parser-client.ts","statementMap":{"0":{"start":{"line":15,"column":0},"end":{"line":15,"column":7}},"1":{"start":{"line":1,"column":0},"end":{"line":1,"column":36}},"2":{"start":{"line":3,"column":0},"end":{"line":3,"column":52}},"3":{"start":{"line":4,"column":0},"end":{"line":4,"column":47}},"4":{"start":{"line":6,"column":19},"end":{"line":6,"column":37}},"5":{"start":{"line":7,"column":26},"end":{"line":7,"column":32}},"6":{"start":{"line":9,"column":25},"end":{"line":9,"column":92}},"7":{"start":{"line":12,"column":2},"end":{"line":12,"column":18}},"8":{"start":{"line":16,"column":19},"end":{"line":16,"column":33}},"9":{"start":{"line":17,"column":2},"end":{"line":17,"column":32}},"10":{"start":{"line":19,"column":20},"end":{"line":19,"column":34}},"11":{"start":{"line":20,"column":21},"end":{"line":20,"column":42}},"12":{"start":{"line":21,"column":20},"end":{"line":21,"column":75}},"13":{"start":{"line":21,"column":37},"end":{"line":21,"column":55}},"14":{"start":{"line":23,"column":2},"end":{"line":53,"column":3}},"15":{"start":{"line":24,"column":21},"end":{"line":31,"column":6}},"16":{"start":{"line":33,"column":4},"end":{"line":42,"column":5}},"17":{"start":{"line":34,"column":6},"end":{"line":36,"column":7}},"18":{"start":{"line":35,"column":8},"end":{"line":35,"column":65}},"19":{"start":{"line":37,"column":6},"end":{"line":39,"column":7}},"20":{"start":{"line":38,"column":8},"end":{"line":38,"column":50}},"21":{"start":{"line":40,"column":19},"end":{"line":40,"column":40}},"22":{"start":{"line":41,"column":6},"end":{"line":41,"column":76}},"23":{"start":{"line":44,"column":18},"end":{"line":44,"column":39}},"24":{"start":{"line":45,"column":4},"end":{"line":45,"column":16}},"25":{"start":{"line":47,"column":4},"end":{"line":49,"column":5}},"26":{"start":{"line":48,"column":6},"end":{"line":48,"column":42}},"27":{"start":{"line":50,"column":4},"end":{"line":50,"column":16}},"28":{"start":{"line":52,"column":4},"end":{"line":52,"column":28}}},"fnMap":{"0":{"name":"getRequestId","decl":{"start":{"line":11,"column":9},"end":{"line":11,"column":21}},"loc":{"start":{"line":11,"column":21},"end":{"line":13,"column":1}}},"1":{"name":"uploadFile","decl":{"start":{"line":15,"column":22},"end":{"line":15,"column":32}},"loc":{"start":{"line":15,"column":43},"end":{"line":54,"column":1}}},"2":{"name":"(anonymous_2)","decl":{"start":{"line":21,"column":31},"end":{"line":21,"column":34}},"loc":{"start":{"line":21,"column":37},"end":{"line":21,"column":55}}}},"branchMap":{"0":{"loc":{"start":{"line":33,"column":4},"end":{"line":42,"column":5}},"type":"if","locations":[{"start":{"line":33,"column":4},"end":{"line":42,"column":5}}]},"1":{"loc":{"start":{"line":34,"column":6},"end":{"line":36,"column":7}},"type":"if","locations":[{"start":{"line":34,"column":6},"end":{"line":36,"column":7}}]},"2":{"loc":{"start":{"line":37,"column":6},"end":{"line":39,"column":7}},"type":"if","locations":[{"start":{"line":37,"column":6},"end":{"line":39,"column":7}}]},"3":{"loc":{"start":{"line":47,"column":4},"end":{"line":49,"column":5}},"type":"if","locations":[{"start":{"line":47,"column":4},"end":{"line":49,"column":5}}]},"4":{"loc":{"start":{"line":47,"column":8},"end":{"line":47,"column":61}},"type":"binary-expr","locations":[{"start":{"line":47,"column":8},"end":{"line":47,"column":30}},{"start":{"line":47,"column":34},"end":{"line":47,"column":61}}]}},"s":{"0":2,"1":2,"2":2,"3":2,"4":2,"5":2,"6":2,"7":9,"8":9,"9":9,"10":9,"11":9,"12":9,"13":0,"14":9,"15":9,"16":8,"17":3,"18":1,"19":2,"20":1,"21":1,"22":1,"23":5,"24":5,"25":4,"26":1,"27":3,"28":9},"f":{"0":9,"1":9,"2":0},"b":{"0":[3],"1":[1],"2":[1],"3":[1],"4":[4,4]}}
}
