TN:
SF:src/components/ChatInput.tsx
FN:13,ChatInput
FN:20,(anonymous_2)
FN:26,(anonymous_3)
FNF:3
FNH:3
FNDA:95,ChatInput
FNDA:4,(anonymous_2)
FNDA:66,(anonymous_3)
DA:3,2
DA:13,2
DA:20,95
DA:21,4
DA:22,4
DA:23,4
DA:26,95
DA:27,66
DA:28,3
DA:29,3
DA:30,1
DA:34,95
LF:12
LH:12
BRDA:22,0,0,0
BRDA:22,1,0,4
BRDA:22,1,1,4
BRDA:27,2,0,3
BRDA:27,3,0,66
BRDA:27,3,1,3
BRDA:29,4,0,2
BRDA:29,5,0,3
BRDA:29,5,1,2
BRDA:36,6,0,95
BRDA:36,6,1,52
BRDA:46,7,0,7
BRDA:46,7,1,88
BRDA:52,8,0,95
BRDA:52,8,1,88
BRF:15
BRH:14
end_of_record
TN:
SF:src/components/ChatInterface.tsx
FN:14,ChatInterface
FN:22,(anonymous_10)
FN:32,(anonymous_11)
FN:38,(anonymous_12)
FN:46,(anonymous_13)
FN:50,(anonymous_14)
FN:77,(anonymous_15)
FNF:7
FNH:7
FNDA:87,ChatInterface
FNDA:5,(anonymous_10)
FNDA:10,(anonymous_11)
FNDA:3,(anonymous_12)
FNDA:2,(anonymous_13)
FNDA:2,(anonymous_14)
FNDA:1,(anonymous_15)
DA:3,1
DA:4,1
DA:5,1
DA:6,1
DA:7,1
DA:8,1
DA:9,1
DA:10,1
DA:11,1
DA:12,1
DA:14,1
DA:15,87
DA:16,87
DA:17,87
DA:18,87
DA:19,87
DA:22,87
DA:23,5
DA:24,0
DA:28,87
DA:32,87
DA:33,10
DA:34,4
DA:38,87
DA:39,3
DA:40,3
DA:42,3
DA:44,3
DA:45,2
DA:46,2
DA:48,2
DA:49,2
DA:50,2
DA:54,3
DA:61,87
DA:63,87
DA:78,1
DA:79,1
DA:80,1
LF:39
LH:38
BRDA:23,0,0,0
BRDA:23,1,0,5
BRDA:23,1,1,5
BRDA:33,2,0,4
BRDA:40,3,0,0
BRDA:44,4,0,2
BRDA:48,5,0,2
BRDA:75,6,0,87
BRDA:75,6,1,51
BRDA:93,7,0,87
BRDA:93,7,1,32
BRDA:96,8,0,87
BRDA:96,8,1,2
BRDA:100,9,0,87
BRDA:100,9,1,0
BRDA:112,10,0,87
BRDA:112,10,1,84
BRF:17
BRH:14
end_of_record
TN:
SF:src/components/ErrorBoundary.tsx
FN:16,(anonymous_1)
FN:21,(anonymous_2)
FN:25,(anonymous_3)
FN:30,(anonymous_4)
FN:34,(anonymous_5)
FN:53,(anonymous_6)
FNF:6
FNH:4
FNDA:6,(anonymous_1)
FNDA:4,(anonymous_2)
FNDA:2,(anonymous_3)
FNDA:0,(anonymous_4)
FNDA:9,(anonymous_5)
FNDA:0,(anonymous_6)
DA:3,1
DA:15,1
DA:17,6
DA:18,5
DA:22,4
DA:27,2
DA:30,5
DA:31,0
DA:35,9
DA:36,4
DA:53,0
DA:65,5
LF:12
LH:10
BRDA:35,0,0,4
BRDA:37,1,0,4
BRDA:37,1,1,2
BRF:3
BRH:3
end_of_record
TN:
SF:src/components/FileUploader.tsx
FN:12,FileUploader
FN:16,(anonymous_10)
FN:22,(anonymous_11)
FN:29,(anonymous_12)
FN:43,(anonymous_13)
FN:64,(anonymous_14)
FN:65,(anonymous_15)
FNF:7
FNH:7
FNDA:99,FileUploader
FNDA:2,(anonymous_10)
FNDA:1,(anonymous_11)
FNDA:1,(anonymous_12)
FNDA:5,(anonymous_13)
FNDA:11,(anonymous_14)
FNDA:1,(anonymous_15)
DA:3,2
DA:12,2
DA:13,99
DA:14,99
DA:16,99
DA:17,2
DA:18,2
DA:19,2
DA:22,99
DA:23,1
DA:24,1
DA:25,1
DA:28,99
DA:30,1
DA:31,1
DA:32,1
DA:34,1
DA:35,1
DA:36,1
DA:42,99
DA:44,5
DA:45,5
DA:46,5
DA:52,99
DA:64,11
DA:66,1
DA:67,1
DA:68,1
LF:28
LH:28
BRDA:35,0,0,1
BRDA:45,1,0,5
BRDA:45,2,0,5
BRDA:45,2,1,5
BRDA:59,3,0,2
BRDA:59,3,1,97
BRDA:66,4,0,1
BRDA:66,5,0,1
BRDA:66,5,1,0
BRDA:80,6,0,5
BRDA:80,6,1,94
BRDA:82,7,0,56
BRDA:82,7,1,38
BRDA:98,8,0,99
BRDA:98,8,1,1
BRF:15
BRH:14
end_of_record
TN:
SF:src/components/MessageList.tsx
FN:11,MessageList
FN:22,(anonymous_2)
FNF:2
FNH:2
FNDA:12,MessageList
FNDA:7,(anonymous_2)
DA:3,2
DA:4,2
DA:11,2
DA:12,12
DA:13,7
DA:20,5
DA:23,7
LF:7
LH:7
BRDA:12,0,0,7
BRDA:25,1,0,5
BRDA:25,1,1,2
BRDA:29,2,0,5
BRDA:29,2,1,2
BRDA:32,3,0,5
BRDA:32,3,1,2
BRF:7
BRH:7
end_of_record
TN:
SF:src/components/ModelSelector.tsx
FN:12,ModelSelector
FN:23,(anonymous_2)
FN:27,(anonymous_3)
FNF:3
FNH:2
FNDA:87,ModelSelector
FNDA:0,(anonymous_2)
FNDA:174,(anonymous_3)
DA:3,1
DA:12,1
DA:13,87
DA:15,87
DA:23,0
DA:28,174
LF:6
LH:5
BRDA:13,0,0,0
BRDA:13,1,0,87
BRDA:13,1,1,87
BRF:3
BRH:2
end_of_record
TN:
SF:src/hooks/useChat.ts
FN:13,useChat
FN:15,(anonymous_1)
FN:30,(anonymous_2)
FN:47,buildSystemMessage
FN:51,(anonymous_4)
FNF:5
FNH:5
FNDA:95,useChat
FNDA:13,(anonymous_1)
FNDA:4,(anonymous_2)
FNDA:16,buildSystemMessage
FNDA:7,(anonymous_4)
DA:3,2
DA:5,2
DA:13,2
DA:14,95
DA:15,13
DA:20,95
DA:29,95
DA:31,4
DA:36,95
DA:47,2
DA:48,16
DA:49,16
DA:51,7
DA:52,6
LF:14
LH:14
BRDA:13,0,0,3
BRDA:49,1,0,10
BRDA:49,2,0,16
BRDA:49,2,1,7
BRF:4
BRH:4
end_of_record
TN:
SF:src/hooks/useChunkIndex.ts
FN:16,useChunkIndex
FN:21,(anonymous_1)
FN:34,(anonymous_2)
FN:39,(anonymous_3)
FNF:4
FNH:4
FNDA:95,useChunkIndex
FNDA:7,(anonymous_1)
FNDA:4,(anonymous_2)
FNDA:2,(anonymous_3)
DA:3,2
DA:5,2
DA:6,2
DA:16,2
DA:17,95
DA:18,95
DA:19,95
DA:21,95
DA:22,7
DA:23,7
DA:24,7
DA:25,7
DA:26,7
DA:27,7
DA:28,7
DA:30,7
DA:34,95
DA:35,4
DA:36,3
DA:39,95
DA:40,2
DA:41,2
DA:42,2
DA:45,95
LF:24
LH:24
BRDA:35,0,0,1
BRF:1
BRH:1
end_of_record
TN:
SF:src/hooks/useEmbeddings.ts
FN:18,useEmbeddings
FN:23,(anonymous_1)
FN:31,(anonymous_2)
FN:50,(anonymous_3)
FN:69,(anonymous_4)
FN:76,(anonymous_5)
FN:81,(anonymous_6)
FNF:7
FNH:7
FNDA:113,useEmbeddings
FNDA:15,(anonymous_1)
FNDA:4,(anonymous_2)
FNDA:4,(anonymous_3)
FNDA:7,(anonymous_4)
FNDA:4,(anonymous_5)
FNDA:1,(anonymous_6)
DA:3,2
DA:5,2
DA:18,2
DA:19,113
DA:20,113
DA:21,113
DA:23,113
DA:24,15
DA:25,15
DA:27,9
DA:30,113
DA:32,4
DA:33,4
DA:34,4
DA:35,4
DA:36,2
DA:37,1
DA:39,3
DA:40,3
DA:41,3
DA:43,4
DA:49,113
DA:51,4
DA:52,4
DA:53,4
DA:54,4
DA:55,2
DA:56,1
DA:58,3
DA:59,3
DA:60,3
DA:62,4
DA:68,113
DA:70,7
DA:71,7
DA:72,7
DA:73,7
DA:74,5
DA:76,4
DA:81,4
DA:82,4
DA:84,3
DA:85,3
DA:86,3
DA:88,7
DA:94,113
LF:46
LH:46
BRDA:24,0,0,15
BRDA:39,1,0,2
BRDA:39,1,1,1
BRDA:58,2,0,2
BRDA:58,2,1,1
BRDA:84,3,0,2
BRDA:84,3,1,1
BRF:7
BRH:7
end_of_record
TN:
SF:src/hooks/useFileUpload.ts
FN:19,useFileUpload
FN:25,(anonymous_1)
FN:39,(anonymous_2)
FN:67,(anonymous_3)
FNF:4
FNH:4
FNDA:101,useFileUpload
FNDA:10,(anonymous_1)
FNDA:10,(anonymous_2)
FNDA:2,(anonymous_3)
DA:3,2
DA:5,2
DA:6,2
DA:8,2
DA:19,2
DA:20,101
DA:21,101
DA:22,101
DA:23,101
DA:25,101
DA:26,10
DA:27,1
DA:30,9
DA:31,9
DA:32,1
DA:35,8
DA:38,101
DA:40,10
DA:41,10
DA:43,10
DA:44,10
DA:45,2
DA:46,2
DA:47,2
DA:50,8
DA:51,8
DA:53,8
DA:54,8
DA:55,6
DA:57,2
DA:58,2
DA:59,2
DA:61,8
DA:67,101
DA:68,2
DA:69,2
DA:70,2
DA:71,2
DA:74,101
LF:39
LH:39
BRDA:26,0,0,1
BRDA:31,1,0,1
BRDA:44,2,0,2
BRDA:57,3,0,1
BRDA:57,3,1,1
BRF:5
BRH:5
end_of_record
TN:
SF:src/hooks/useModels.ts
FN:10,useModels
FN:16,(anonymous_1)
FN:19,fetchModels
FN:38,(anonymous_3)
FNF:4
FNH:4
FNDA:9,useModels
FNDA:5,(anonymous_1)
FNDA:5,fetchModels
FNDA:5,(anonymous_3)
DA:3,1
DA:10,1
DA:11,9
DA:12,9
DA:13,9
DA:14,9
DA:16,9
DA:17,5
DA:20,5
DA:21,5
DA:22,3
DA:23,2
DA:24,2
DA:25,1
DA:26,1
DA:29,3
DA:30,3
DA:33,5
DA:37,5
DA:38,5
DA:39,5
DA:43,9
LF:22
LH:22
BRDA:22,0,0,1
BRDA:24,1,0,1
BRDA:29,2,0,3
BRDA:30,3,0,3
BRDA:30,3,1,0
BRDA:33,4,0,4
BRF:6
BRH:5
end_of_record
TN:
SF:src/lib/chunking.ts
FN:13,chunkText
FN:63,splitIntoParagraphsWithPositions
FN:85,splitLongParagraph
FN:110,findSentenceBoundary
FN:136,createChunk
FN:147,mergeSmallChunks
FNF:6
FNH:6
FNDA:27,chunkText
FNDA:27,splitIntoParagraphsWithPositions
FNDA:7,splitLongParagraph
FNDA:3689,findSentenceBoundary
FNDA:3718,createChunk
FNDA:27,mergeSmallChunks
DA:1,4
DA:9,4
DA:10,4
DA:11,4
DA:13,4
DA:14,27
DA:15,27
DA:16,27
DA:17,27
DA:19,27
DA:20,27
DA:22,27
DA:23,27
DA:25,27
DA:26,56
DA:28,56
DA:29,47
DA:30,20
DA:32,47
DA:34,9
DA:35,3
DA:36,3
DA:39,9
DA:40,7
DA:41,7
DA:42,7
DA:43,7
DA:44,3696
DA:45,3696
DA:46,3696
DA:48,7
DA:50,2
DA:51,2
DA:56,27
DA:57,19
DA:60,27
DA:64,27
DA:65,27
DA:66,27
DA:69,27
DA:70,30
DA:71,30
DA:72,30
DA:74,30
DA:77,27
DA:78,27
DA:79,26
DA:82,27
DA:86,7
DA:87,7
DA:88,7
DA:90,7
DA:91,3696
DA:92,3696
DA:93,7
DA:94,7
DA:97,3689
DA:98,3689
DA:99,3689
DA:102,3689
DA:104,3689
DA:107,7
DA:111,3689
DA:112,3689
DA:113,3689
DA:114,3689
DA:116,3689
DA:117,3689
DA:119,3689
DA:120,26
DA:123,3689
DA:124,3689
DA:125,3689
DA:126,26
DA:127,26
DA:128,26
DA:129,26
DA:133,3689
DA:137,3718
DA:138,3718
DA:139,3718
DA:148,27
DA:150,9
DA:151,9
DA:153,9
DA:154,3692
DA:155,3692
DA:156,0
DA:163,3692
DA:164,3692
DA:167,9
DA:169,9
LF:92
LH:91
BRDA:14,0,0,27
BRDA:14,0,1,16
BRDA:15,1,0,27
BRDA:15,1,1,25
BRDA:28,2,0,47
BRDA:28,2,1,9
BRDA:29,3,0,20
BRDA:32,4,0,27
BRDA:32,4,1,20
BRDA:34,5,0,3
BRDA:39,6,0,7
BRDA:39,6,1,2
BRDA:56,7,0,19
BRDA:71,8,0,30
BRDA:78,9,0,26
BRDA:92,10,0,7
BRDA:98,11,0,3689
BRDA:98,12,0,3689
BRDA:98,12,1,3689
BRDA:127,13,0,26
BRDA:148,14,0,18
BRDA:155,15,0,0
BRDA:155,15,1,3692
BRF:23
BRH:22
end_of_record
TN:
SF:src/lib/embeddings.ts
FN:24,(anonymous_9)
FN:29,(anonymous_10)
FN:39,(anonymous_11)
FN:40,(anonymous_12)
FN:46,(anonymous_13)
FN:55,(anonymous_14)
FN:71,(anonymous_15)
FN:76,cosineSimilarity
FNF:8
FNH:8
FNDA:8,(anonymous_9)
FNDA:2,(anonymous_10)
FNDA:2,(anonymous_11)
FNDA:2,(anonymous_12)
FNDA:3,(anonymous_13)
FNDA:4,(anonymous_14)
FNDA:6,(anonymous_15)
FNDA:8,cosineSimilarity
DA:17,3
DA:18,3
DA:20,3
DA:21,3
DA:22,3
DA:25,8
DA:26,2
DA:28,6
DA:29,2
DA:30,2
DA:31,2
DA:32,2
DA:33,2
DA:36,6
DA:40,4
DA:41,2
DA:47,3
DA:48,1
DA:50,2
DA:51,1
DA:52,1
DA:56,4
DA:57,0
DA:59,4
DA:60,4
DA:62,4
DA:63,6
DA:64,6
DA:65,6
DA:68,4
DA:72,6
DA:76,3
DA:77,8
DA:78,1
DA:80,7
DA:81,7
DA:82,7
DA:83,7
DA:84,19
DA:85,19
DA:86,19
DA:88,7
LF:42
LH:41
BRDA:25,0,0,2
BRDA:28,1,0,2
BRDA:47,2,0,1
BRDA:56,3,0,0
BRDA:77,4,0,1
BRF:5
BRH:4
end_of_record
TN:
SF:src/lib/fetch-with-retry.ts
FN:13,sleep
FN:14,(anonymous_1)
FN:17,isRetryableError
FN:24,fetchWithRetry
FN:29,(anonymous_4)
FNF:5
FNH:5
FNDA:7,sleep
FNDA:7,(anonymous_1)
FNDA:11,isRetryableError
FNDA:10,fetchWithRetry
FNDA:12,(anonymous_4)
DA:7,3
DA:14,7
DA:18,11
DA:19,1
DA:21,10
DA:24,3
DA:27,10
DA:29,10
DA:32,12
DA:33,19
DA:34,19
DA:36,10
DA:42,2
DA:44,8
DA:46,11
DA:47,1
DA:49,10
DA:50,10
DA:51,3
DA:53,7
DA:54,7
DA:58,3
LF:22
LH:22
BRDA:18,0,0,1
BRDA:18,1,0,11
BRDA:18,1,1,10
BRDA:25,2,0,1
BRDA:36,3,0,2
BRDA:37,4,0,10
BRDA:37,4,1,3
BRDA:37,4,2,3
BRDA:37,4,3,3
BRDA:46,5,0,1
BRDA:49,6,0,9
BRDA:49,6,1,1
BRDA:50,7,0,3
BRDA:58,8,0,3
BRDA:58,8,1,0
BRF:15
BRH:14
end_of_record
TN:
SF:src/lib/llm-client.ts
FN:7,createLLMClient
FN:17,getDefaultLLMConfig
FNF:2
FNH:2
FNDA:4,createLLMClient
FNDA:1,getDefaultLLMConfig
DA:1,1
DA:3,1
DA:5,1
DA:7,1
DA:8,4
DA:14,4
DA:17,1
DA:18,1
LF:8
LH:8
BRDA:10,0,0,4
BRDA:10,0,1,3
BRDA:19,1,0,1
BRDA:19,1,1,1
BRDA:20,2,0,1
BRDA:20,2,1,1
BRF:6
BRH:6
end_of_record
TN:
SF:src/lib/minisearch-index.ts
FN:13,(anonymous_1)
FN:21,(anonymous_2)
FN:22,(anonymous_3)
FN:34,(anonymous_4)
FN:41,(anonymous_5)
FN:48,(anonymous_6)
FN:52,(anonymous_7)
FNF:7
FNH:7
FNDA:19,(anonymous_1)
FNDA:19,(anonymous_2)
FNDA:39,(anonymous_3)
FNDA:10,(anonymous_4)
FNDA:8,(anonymous_5)
FNDA:4,(anonymous_6)
FNDA:3,(anonymous_7)
DA:1,4
DA:9,4
DA:11,19
DA:14,19
DA:22,39
DA:27,19
DA:29,19
DA:30,39
DA:35,10
DA:36,2
DA:39,8
DA:41,8
DA:49,4
DA:53,3
DA:58,3
LF:15
LH:15
BRDA:34,0,0,6
BRDA:35,1,0,2
BRDA:44,2,0,8
BRDA:44,2,1,0
BRDA:44,2,2,0
BRF:5
BRH:3
end_of_record
TN:
SF:src/lib/parser-client.ts
FN:11,getRequestId
FN:15,uploadFile
FN:21,(anonymous_2)
FNF:3
FNH:2
FNDA:9,getRequestId
FNDA:9,uploadFile
FNDA:0,(anonymous_2)
DA:1,2
DA:3,2
DA:4,2
DA:6,2
DA:7,2
DA:9,2
DA:12,9
DA:15,2
DA:16,9
DA:17,9
DA:19,9
DA:20,9
DA:21,9
DA:23,9
DA:24,9
DA:33,8
DA:34,3
DA:35,1
DA:37,2
DA:38,1
DA:40,1
DA:41,1
DA:44,5
DA:45,5
DA:47,4
DA:48,1
DA:50,3
DA:52,9
LF:28
LH:28
BRDA:33,0,0,3
BRDA:34,1,0,1
BRDA:37,2,0,1
BRDA:47,3,0,1
BRDA:47,4,0,4
BRDA:47,4,1,4
BRF:6
BRH:6
end_of_record
